2019-08-16 02:26:15,265 - ERROR - tvb_timeseries.model.timeseries - Attribute time_step is not defined for this instance! You can use the following labels: state_variables = ['x1' 'y1' 'z' 'x2' 'y2' 'g'] and space = ['region_000' 'region_001' 'region_002' 'region_003' 'region_004'
 'region_005' 'region_006' 'region_007' 'region_008' 'region_009'
 'region_010' 'region_011' 'region_012' 'region_013' 'region_014'
 'region_015' 'region_016' 'region_017' 'region_018' 'region_019'
 'region_020' 'region_021' 'region_022' 'region_023' 'region_024'
 'region_025' 'region_026' 'region_027' 'region_028' 'region_029'
 'region_030' 'region_031' 'region_032' 'region_033' 'region_034'
 'region_035' 'region_036' 'region_037' 'region_038' 'region_039'
 'region_040' 'region_041' 'region_042' 'region_043' 'region_044'
 'region_045' 'region_046' 'region_047' 'region_048' 'region_049'
 'region_050' 'region_051' 'region_052' 'region_053' 'region_054'
 'region_055' 'region_056' 'region_057' 'region_058' 'region_059'
 'region_060' 'region_061' 'region_062' 'region_063' 'region_064'
 'region_065' 'region_066' 'region_067' 'region_068' 'region_069'
 'region_070' 'region_071' 'region_072' 'region_073' 'region_074'
 'region_075' 'region_076' 'region_077' 'region_078' 'region_079'
 'region_080' 'region_081' 'region_082' 'region_083' 'region_084'
 'region_085' 'region_086' 'region_087' 'region_088' 'region_089'
 'region_090' 'region_091' 'region_092' 'region_093' 'region_094'
 'region_095' 'region_096' 'region_097' 'region_098' 'region_099'
 'region_100' 'region_101' 'region_102' 'region_103' 'region_104'
 'region_105' 'region_106' 'region_107' 'region_108' 'region_109'
 'region_110' 'region_111' 'region_112' 'region_113' 'region_114'
 'region_115' 'region_116' 'region_117' 'region_118' 'region_119'
 'region_120' 'region_121' 'region_122' 'region_123' 'region_124'
 'region_125' 'region_126' 'region_127' 'region_128' 'region_129'
 'region_130' 'region_131' 'region_132' 'region_133' 'region_134'
 'region_135' 'region_136' 'region_137' 'region_138' 'region_139'
 'region_140' 'region_141' 'region_142' 'region_143' 'region_144'
 'region_145' 'region_146' 'region_147' 'region_148' 'region_149'
 'region_150' 'region_151' 'region_152' 'region_153' 'region_154'
 'region_155' 'region_156' 'region_157' 'region_158' 'region_159'
 'region_160' 'region_161' 'region_162' 'region_163' 'region_164'
 'region_165' 'region_166']
2019-08-16 02:26:15,265 - ERROR - tvb_timeseries.model.timeseries - Attribute time_step is not defined for this instance! You can use the following labels: state_variables = ['x1' 'y1' 'z' 'x2' 'y2' 'g'] and space = ['region_000' 'region_001' 'region_002' 'region_003' 'region_004'
 'region_005' 'region_006' 'region_007' 'region_008' 'region_009'
 'region_010' 'region_011' 'region_012' 'region_013' 'region_014'
 'region_015' 'region_016' 'region_017' 'region_018' 'region_019'
 'region_020' 'region_021' 'region_022' 'region_023' 'region_024'
 'region_025' 'region_026' 'region_027' 'region_028' 'region_029'
 'region_030' 'region_031' 'region_032' 'region_033' 'region_034'
 'region_035' 'region_036' 'region_037' 'region_038' 'region_039'
 'region_040' 'region_041' 'region_042' 'region_043' 'region_044'
 'region_045' 'region_046' 'region_047' 'region_048' 'region_049'
 'region_050' 'region_051' 'region_052' 'region_053' 'region_054'
 'region_055' 'region_056' 'region_057' 'region_058' 'region_059'
 'region_060' 'region_061' 'region_062' 'region_063' 'region_064'
 'region_065' 'region_066' 'region_067' 'region_068' 'region_069'
 'region_070' 'region_071' 'region_072' 'region_073' 'region_074'
 'region_075' 'region_076' 'region_077' 'region_078' 'region_079'
 'region_080' 'region_081' 'region_082' 'region_083' 'region_084'
 'region_085' 'region_086' 'region_087' 'region_088' 'region_089'
 'region_090' 'region_091' 'region_092' 'region_093' 'region_094'
 'region_095' 'region_096' 'region_097' 'region_098' 'region_099'
 'region_100' 'region_101' 'region_102' 'region_103' 'region_104'
 'region_105' 'region_106' 'region_107' 'region_108' 'region_109'
 'region_110' 'region_111' 'region_112' 'region_113' 'region_114'
 'region_115' 'region_116' 'region_117' 'region_118' 'region_119'
 'region_120' 'region_121' 'region_122' 'region_123' 'region_124'
 'region_125' 'region_126' 'region_127' 'region_128' 'region_129'
 'region_130' 'region_131' 'region_132' 'region_133' 'region_134'
 'region_135' 'region_136' 'region_137' 'region_138' 'region_139'
 'region_140' 'region_141' 'region_142' 'region_143' 'region_144'
 'region_145' 'region_146' 'region_147' 'region_148' 'region_149'
 'region_150' 'region_151' 'region_152' 'region_153' 'region_154'
 'region_155' 'region_156' 'region_157' 'region_158' 'region_159'
 'region_160' 'region_161' 'region_162' 'region_163' 'region_164'
 'region_165' 'region_166']
2019-08-16 02:27:52,988 - ERROR - tvb_timeseries.model.timeseries - Attribute source is not defined for this instance! You can use the following labels: state_variables = ['x1' 'y1' 'z' 'x2' 'y2' 'g'] and space = ['region_000' 'region_001' 'region_002' 'region_003' 'region_004'
 'region_005' 'region_006' 'region_007' 'region_008' 'region_009'
 'region_010' 'region_011' 'region_012' 'region_013' 'region_014'
 'region_015' 'region_016' 'region_017' 'region_018' 'region_019'
 'region_020' 'region_021' 'region_022' 'region_023' 'region_024'
 'region_025' 'region_026' 'region_027' 'region_028' 'region_029'
 'region_030' 'region_031' 'region_032' 'region_033' 'region_034'
 'region_035' 'region_036' 'region_037' 'region_038' 'region_039'
 'region_040' 'region_041' 'region_042' 'region_043' 'region_044'
 'region_045' 'region_046' 'region_047' 'region_048' 'region_049'
 'region_050' 'region_051' 'region_052' 'region_053' 'region_054'
 'region_055' 'region_056' 'region_057' 'region_058' 'region_059'
 'region_060' 'region_061' 'region_062' 'region_063' 'region_064'
 'region_065' 'region_066' 'region_067' 'region_068' 'region_069'
 'region_070' 'region_071' 'region_072' 'region_073' 'region_074'
 'region_075' 'region_076' 'region_077' 'region_078' 'region_079'
 'region_080' 'region_081' 'region_082' 'region_083' 'region_084'
 'region_085' 'region_086' 'region_087' 'region_088' 'region_089'
 'region_090' 'region_091' 'region_092' 'region_093' 'region_094'
 'region_095' 'region_096' 'region_097' 'region_098' 'region_099'
 'region_100' 'region_101' 'region_102' 'region_103' 'region_104'
 'region_105' 'region_106' 'region_107' 'region_108' 'region_109'
 'region_110' 'region_111' 'region_112' 'region_113' 'region_114'
 'region_115' 'region_116' 'region_117' 'region_118' 'region_119'
 'region_120' 'region_121' 'region_122' 'region_123' 'region_124'
 'region_125' 'region_126' 'region_127' 'region_128' 'region_129'
 'region_130' 'region_131' 'region_132' 'region_133' 'region_134'
 'region_135' 'region_136' 'region_137' 'region_138' 'region_139'
 'region_140' 'region_141' 'region_142' 'region_143' 'region_144'
 'region_145' 'region_146' 'region_147' 'region_148' 'region_149'
 'region_150' 'region_151' 'region_152' 'region_153' 'region_154'
 'region_155' 'region_156' 'region_157' 'region_158' 'region_159'
 'region_160' 'region_161' 'region_162' 'region_163' 'region_164'
 'region_165' 'region_166']
2019-08-16 02:27:52,988 - ERROR - tvb_timeseries.model.timeseries - Attribute source is not defined for this instance! You can use the following labels: state_variables = ['x1' 'y1' 'z' 'x2' 'y2' 'g'] and space = ['region_000' 'region_001' 'region_002' 'region_003' 'region_004'
 'region_005' 'region_006' 'region_007' 'region_008' 'region_009'
 'region_010' 'region_011' 'region_012' 'region_013' 'region_014'
 'region_015' 'region_016' 'region_017' 'region_018' 'region_019'
 'region_020' 'region_021' 'region_022' 'region_023' 'region_024'
 'region_025' 'region_026' 'region_027' 'region_028' 'region_029'
 'region_030' 'region_031' 'region_032' 'region_033' 'region_034'
 'region_035' 'region_036' 'region_037' 'region_038' 'region_039'
 'region_040' 'region_041' 'region_042' 'region_043' 'region_044'
 'region_045' 'region_046' 'region_047' 'region_048' 'region_049'
 'region_050' 'region_051' 'region_052' 'region_053' 'region_054'
 'region_055' 'region_056' 'region_057' 'region_058' 'region_059'
 'region_060' 'region_061' 'region_062' 'region_063' 'region_064'
 'region_065' 'region_066' 'region_067' 'region_068' 'region_069'
 'region_070' 'region_071' 'region_072' 'region_073' 'region_074'
 'region_075' 'region_076' 'region_077' 'region_078' 'region_079'
 'region_080' 'region_081' 'region_082' 'region_083' 'region_084'
 'region_085' 'region_086' 'region_087' 'region_088' 'region_089'
 'region_090' 'region_091' 'region_092' 'region_093' 'region_094'
 'region_095' 'region_096' 'region_097' 'region_098' 'region_099'
 'region_100' 'region_101' 'region_102' 'region_103' 'region_104'
 'region_105' 'region_106' 'region_107' 'region_108' 'region_109'
 'region_110' 'region_111' 'region_112' 'region_113' 'region_114'
 'region_115' 'region_116' 'region_117' 'region_118' 'region_119'
 'region_120' 'region_121' 'region_122' 'region_123' 'region_124'
 'region_125' 'region_126' 'region_127' 'region_128' 'region_129'
 'region_130' 'region_131' 'region_132' 'region_133' 'region_134'
 'region_135' 'region_136' 'region_137' 'region_138' 'region_139'
 'region_140' 'region_141' 'region_142' 'region_143' 'region_144'
 'region_145' 'region_146' 'region_147' 'region_148' 'region_149'
 'region_150' 'region_151' 'region_152' 'region_153' 'region_154'
 'region_155' 'region_156' 'region_157' 'region_158' 'region_159'
 'region_160' 'region_161' 'region_162' 'region_163' 'region_164'
 'region_165' 'region_166']
2019-08-16 02:34:58,555 - ERROR - tvb_timeseries.model.timeseries - Attribute source is not defined for this instance! You can use the following labels: state_variables = ['x1' 'y1' 'z' 'x2' 'y2' 'g'] and space = ['region_000' 'region_001' 'region_002' 'region_003' 'region_004'
 'region_005' 'region_006' 'region_007' 'region_008' 'region_009'
 'region_010' 'region_011' 'region_012' 'region_013' 'region_014'
 'region_015' 'region_016' 'region_017' 'region_018' 'region_019'
 'region_020' 'region_021' 'region_022' 'region_023' 'region_024'
 'region_025' 'region_026' 'region_027' 'region_028' 'region_029'
 'region_030' 'region_031' 'region_032' 'region_033' 'region_034'
 'region_035' 'region_036' 'region_037' 'region_038' 'region_039'
 'region_040' 'region_041' 'region_042' 'region_043' 'region_044'
 'region_045' 'region_046' 'region_047' 'region_048' 'region_049'
 'region_050' 'region_051' 'region_052' 'region_053' 'region_054'
 'region_055' 'region_056' 'region_057' 'region_058' 'region_059'
 'region_060' 'region_061' 'region_062' 'region_063' 'region_064'
 'region_065' 'region_066' 'region_067' 'region_068' 'region_069'
 'region_070' 'region_071' 'region_072' 'region_073' 'region_074'
 'region_075' 'region_076' 'region_077' 'region_078' 'region_079'
 'region_080' 'region_081' 'region_082' 'region_083' 'region_084'
 'region_085' 'region_086' 'region_087' 'region_088' 'region_089'
 'region_090' 'region_091' 'region_092' 'region_093' 'region_094'
 'region_095' 'region_096' 'region_097' 'region_098' 'region_099'
 'region_100' 'region_101' 'region_102' 'region_103' 'region_104'
 'region_105' 'region_106' 'region_107' 'region_108' 'region_109'
 'region_110' 'region_111' 'region_112' 'region_113' 'region_114'
 'region_115' 'region_116' 'region_117' 'region_118' 'region_119'
 'region_120' 'region_121' 'region_122' 'region_123' 'region_124'
 'region_125' 'region_126' 'region_127' 'region_128' 'region_129'
 'region_130' 'region_131' 'region_132' 'region_133' 'region_134'
 'region_135' 'region_136' 'region_137' 'region_138' 'region_139'
 'region_140' 'region_141' 'region_142' 'region_143' 'region_144'
 'region_145' 'region_146' 'region_147' 'region_148' 'region_149'
 'region_150' 'region_151' 'region_152' 'region_153' 'region_154'
 'region_155' 'region_156' 'region_157' 'region_158' 'region_159'
 'region_160' 'region_161' 'region_162' 'region_163' 'region_164'
 'region_165' 'region_166']
2019-08-16 02:34:58,555 - ERROR - tvb_timeseries.model.timeseries - Attribute source is not defined for this instance! You can use the following labels: state_variables = ['x1' 'y1' 'z' 'x2' 'y2' 'g'] and space = ['region_000' 'region_001' 'region_002' 'region_003' 'region_004'
 'region_005' 'region_006' 'region_007' 'region_008' 'region_009'
 'region_010' 'region_011' 'region_012' 'region_013' 'region_014'
 'region_015' 'region_016' 'region_017' 'region_018' 'region_019'
 'region_020' 'region_021' 'region_022' 'region_023' 'region_024'
 'region_025' 'region_026' 'region_027' 'region_028' 'region_029'
 'region_030' 'region_031' 'region_032' 'region_033' 'region_034'
 'region_035' 'region_036' 'region_037' 'region_038' 'region_039'
 'region_040' 'region_041' 'region_042' 'region_043' 'region_044'
 'region_045' 'region_046' 'region_047' 'region_048' 'region_049'
 'region_050' 'region_051' 'region_052' 'region_053' 'region_054'
 'region_055' 'region_056' 'region_057' 'region_058' 'region_059'
 'region_060' 'region_061' 'region_062' 'region_063' 'region_064'
 'region_065' 'region_066' 'region_067' 'region_068' 'region_069'
 'region_070' 'region_071' 'region_072' 'region_073' 'region_074'
 'region_075' 'region_076' 'region_077' 'region_078' 'region_079'
 'region_080' 'region_081' 'region_082' 'region_083' 'region_084'
 'region_085' 'region_086' 'region_087' 'region_088' 'region_089'
 'region_090' 'region_091' 'region_092' 'region_093' 'region_094'
 'region_095' 'region_096' 'region_097' 'region_098' 'region_099'
 'region_100' 'region_101' 'region_102' 'region_103' 'region_104'
 'region_105' 'region_106' 'region_107' 'region_108' 'region_109'
 'region_110' 'region_111' 'region_112' 'region_113' 'region_114'
 'region_115' 'region_116' 'region_117' 'region_118' 'region_119'
 'region_120' 'region_121' 'region_122' 'region_123' 'region_124'
 'region_125' 'region_126' 'region_127' 'region_128' 'region_129'
 'region_130' 'region_131' 'region_132' 'region_133' 'region_134'
 'region_135' 'region_136' 'region_137' 'region_138' 'region_139'
 'region_140' 'region_141' 'region_142' 'region_143' 'region_144'
 'region_145' 'region_146' 'region_147' 'region_148' 'region_149'
 'region_150' 'region_151' 'region_152' 'region_153' 'region_154'
 'region_155' 'region_156' 'region_157' 'region_158' 'region_159'
 'region_160' 'region_161' 'region_162' 'region_163' 'region_164'
 'region_165' 'region_166']
2019-08-16 02:39:13,535 - ERROR - tvb_timeseries.model.timeseries - Attribute sensors is not defined for this instance! You can use the following labels: state_variables = ['x1' 'y1' 'z' 'x2' 'y2' 'g'] and space = ['region_000' 'region_001' 'region_002' 'region_003' 'region_004'
 'region_005' 'region_006' 'region_007' 'region_008' 'region_009'
 'region_010' 'region_011' 'region_012' 'region_013' 'region_014'
 'region_015' 'region_016' 'region_017' 'region_018' 'region_019'
 'region_020' 'region_021' 'region_022' 'region_023' 'region_024'
 'region_025' 'region_026' 'region_027' 'region_028' 'region_029'
 'region_030' 'region_031' 'region_032' 'region_033' 'region_034'
 'region_035' 'region_036' 'region_037' 'region_038' 'region_039'
 'region_040' 'region_041' 'region_042' 'region_043' 'region_044'
 'region_045' 'region_046' 'region_047' 'region_048' 'region_049'
 'region_050' 'region_051' 'region_052' 'region_053' 'region_054'
 'region_055' 'region_056' 'region_057' 'region_058' 'region_059'
 'region_060' 'region_061' 'region_062' 'region_063' 'region_064'
 'region_065' 'region_066' 'region_067' 'region_068' 'region_069'
 'region_070' 'region_071' 'region_072' 'region_073' 'region_074'
 'region_075' 'region_076' 'region_077' 'region_078' 'region_079'
 'region_080' 'region_081' 'region_082' 'region_083' 'region_084'
 'region_085' 'region_086' 'region_087' 'region_088' 'region_089'
 'region_090' 'region_091' 'region_092' 'region_093' 'region_094'
 'region_095' 'region_096' 'region_097' 'region_098' 'region_099'
 'region_100' 'region_101' 'region_102' 'region_103' 'region_104'
 'region_105' 'region_106' 'region_107' 'region_108' 'region_109'
 'region_110' 'region_111' 'region_112' 'region_113' 'region_114'
 'region_115' 'region_116' 'region_117' 'region_118' 'region_119'
 'region_120' 'region_121' 'region_122' 'region_123' 'region_124'
 'region_125' 'region_126' 'region_127' 'region_128' 'region_129'
 'region_130' 'region_131' 'region_132' 'region_133' 'region_134'
 'region_135' 'region_136' 'region_137' 'region_138' 'region_139'
 'region_140' 'region_141' 'region_142' 'region_143' 'region_144'
 'region_145' 'region_146' 'region_147' 'region_148' 'region_149'
 'region_150' 'region_151' 'region_152' 'region_153' 'region_154'
 'region_155' 'region_156' 'region_157' 'region_158' 'region_159'
 'region_160' 'region_161' 'region_162' 'region_163' 'region_164'
 'region_165' 'region_166']
2019-08-16 02:39:13,535 - ERROR - tvb_timeseries.model.timeseries - Attribute sensors is not defined for this instance! You can use the following labels: state_variables = ['x1' 'y1' 'z' 'x2' 'y2' 'g'] and space = ['region_000' 'region_001' 'region_002' 'region_003' 'region_004'
 'region_005' 'region_006' 'region_007' 'region_008' 'region_009'
 'region_010' 'region_011' 'region_012' 'region_013' 'region_014'
 'region_015' 'region_016' 'region_017' 'region_018' 'region_019'
 'region_020' 'region_021' 'region_022' 'region_023' 'region_024'
 'region_025' 'region_026' 'region_027' 'region_028' 'region_029'
 'region_030' 'region_031' 'region_032' 'region_033' 'region_034'
 'region_035' 'region_036' 'region_037' 'region_038' 'region_039'
 'region_040' 'region_041' 'region_042' 'region_043' 'region_044'
 'region_045' 'region_046' 'region_047' 'region_048' 'region_049'
 'region_050' 'region_051' 'region_052' 'region_053' 'region_054'
 'region_055' 'region_056' 'region_057' 'region_058' 'region_059'
 'region_060' 'region_061' 'region_062' 'region_063' 'region_064'
 'region_065' 'region_066' 'region_067' 'region_068' 'region_069'
 'region_070' 'region_071' 'region_072' 'region_073' 'region_074'
 'region_075' 'region_076' 'region_077' 'region_078' 'region_079'
 'region_080' 'region_081' 'region_082' 'region_083' 'region_084'
 'region_085' 'region_086' 'region_087' 'region_088' 'region_089'
 'region_090' 'region_091' 'region_092' 'region_093' 'region_094'
 'region_095' 'region_096' 'region_097' 'region_098' 'region_099'
 'region_100' 'region_101' 'region_102' 'region_103' 'region_104'
 'region_105' 'region_106' 'region_107' 'region_108' 'region_109'
 'region_110' 'region_111' 'region_112' 'region_113' 'region_114'
 'region_115' 'region_116' 'region_117' 'region_118' 'region_119'
 'region_120' 'region_121' 'region_122' 'region_123' 'region_124'
 'region_125' 'region_126' 'region_127' 'region_128' 'region_129'
 'region_130' 'region_131' 'region_132' 'region_133' 'region_134'
 'region_135' 'region_136' 'region_137' 'region_138' 'region_139'
 'region_140' 'region_141' 'region_142' 'region_143' 'region_144'
 'region_145' 'region_146' 'region_147' 'region_148' 'region_149'
 'region_150' 'region_151' 'region_152' 'region_153' 'region_154'
 'region_155' 'region_156' 'region_157' 'region_158' 'region_159'
 'region_160' 'region_161' 'region_162' 'region_163' 'region_164'
 'region_165' 'region_166']
2019-08-16 02:39:13,538 - ERROR - tvb_timeseries.model.timeseries - Attribute surface is not defined for this instance! You can use the following labels: state_variables = ['x1' 'y1' 'z' 'x2' 'y2' 'g'] and space = ['region_000' 'region_001' 'region_002' 'region_003' 'region_004'
 'region_005' 'region_006' 'region_007' 'region_008' 'region_009'
 'region_010' 'region_011' 'region_012' 'region_013' 'region_014'
 'region_015' 'region_016' 'region_017' 'region_018' 'region_019'
 'region_020' 'region_021' 'region_022' 'region_023' 'region_024'
 'region_025' 'region_026' 'region_027' 'region_028' 'region_029'
 'region_030' 'region_031' 'region_032' 'region_033' 'region_034'
 'region_035' 'region_036' 'region_037' 'region_038' 'region_039'
 'region_040' 'region_041' 'region_042' 'region_043' 'region_044'
 'region_045' 'region_046' 'region_047' 'region_048' 'region_049'
 'region_050' 'region_051' 'region_052' 'region_053' 'region_054'
 'region_055' 'region_056' 'region_057' 'region_058' 'region_059'
 'region_060' 'region_061' 'region_062' 'region_063' 'region_064'
 'region_065' 'region_066' 'region_067' 'region_068' 'region_069'
 'region_070' 'region_071' 'region_072' 'region_073' 'region_074'
 'region_075' 'region_076' 'region_077' 'region_078' 'region_079'
 'region_080' 'region_081' 'region_082' 'region_083' 'region_084'
 'region_085' 'region_086' 'region_087' 'region_088' 'region_089'
 'region_090' 'region_091' 'region_092' 'region_093' 'region_094'
 'region_095' 'region_096' 'region_097' 'region_098' 'region_099'
 'region_100' 'region_101' 'region_102' 'region_103' 'region_104'
 'region_105' 'region_106' 'region_107' 'region_108' 'region_109'
 'region_110' 'region_111' 'region_112' 'region_113' 'region_114'
 'region_115' 'region_116' 'region_117' 'region_118' 'region_119'
 'region_120' 'region_121' 'region_122' 'region_123' 'region_124'
 'region_125' 'region_126' 'region_127' 'region_128' 'region_129'
 'region_130' 'region_131' 'region_132' 'region_133' 'region_134'
 'region_135' 'region_136' 'region_137' 'region_138' 'region_139'
 'region_140' 'region_141' 'region_142' 'region_143' 'region_144'
 'region_145' 'region_146' 'region_147' 'region_148' 'region_149'
 'region_150' 'region_151' 'region_152' 'region_153' 'region_154'
 'region_155' 'region_156' 'region_157' 'region_158' 'region_159'
 'region_160' 'region_161' 'region_162' 'region_163' 'region_164'
 'region_165' 'region_166']
2019-08-16 02:39:13,538 - ERROR - tvb_timeseries.model.timeseries - Attribute surface is not defined for this instance! You can use the following labels: state_variables = ['x1' 'y1' 'z' 'x2' 'y2' 'g'] and space = ['region_000' 'region_001' 'region_002' 'region_003' 'region_004'
 'region_005' 'region_006' 'region_007' 'region_008' 'region_009'
 'region_010' 'region_011' 'region_012' 'region_013' 'region_014'
 'region_015' 'region_016' 'region_017' 'region_018' 'region_019'
 'region_020' 'region_021' 'region_022' 'region_023' 'region_024'
 'region_025' 'region_026' 'region_027' 'region_028' 'region_029'
 'region_030' 'region_031' 'region_032' 'region_033' 'region_034'
 'region_035' 'region_036' 'region_037' 'region_038' 'region_039'
 'region_040' 'region_041' 'region_042' 'region_043' 'region_044'
 'region_045' 'region_046' 'region_047' 'region_048' 'region_049'
 'region_050' 'region_051' 'region_052' 'region_053' 'region_054'
 'region_055' 'region_056' 'region_057' 'region_058' 'region_059'
 'region_060' 'region_061' 'region_062' 'region_063' 'region_064'
 'region_065' 'region_066' 'region_067' 'region_068' 'region_069'
 'region_070' 'region_071' 'region_072' 'region_073' 'region_074'
 'region_075' 'region_076' 'region_077' 'region_078' 'region_079'
 'region_080' 'region_081' 'region_082' 'region_083' 'region_084'
 'region_085' 'region_086' 'region_087' 'region_088' 'region_089'
 'region_090' 'region_091' 'region_092' 'region_093' 'region_094'
 'region_095' 'region_096' 'region_097' 'region_098' 'region_099'
 'region_100' 'region_101' 'region_102' 'region_103' 'region_104'
 'region_105' 'region_106' 'region_107' 'region_108' 'region_109'
 'region_110' 'region_111' 'region_112' 'region_113' 'region_114'
 'region_115' 'region_116' 'region_117' 'region_118' 'region_119'
 'region_120' 'region_121' 'region_122' 'region_123' 'region_124'
 'region_125' 'region_126' 'region_127' 'region_128' 'region_129'
 'region_130' 'region_131' 'region_132' 'region_133' 'region_134'
 'region_135' 'region_136' 'region_137' 'region_138' 'region_139'
 'region_140' 'region_141' 'region_142' 'region_143' 'region_144'
 'region_145' 'region_146' 'region_147' 'region_148' 'region_149'
 'region_150' 'region_151' 'region_152' 'region_153' 'region_154'
 'region_155' 'region_156' 'region_157' 'region_158' 'region_159'
 'region_160' 'region_161' 'region_162' 'region_163' 'region_164'
 'region_165' 'region_166']
2019-08-16 02:39:13,539 - ERROR - tvb_timeseries.model.timeseries - Attribute volume is not defined for this instance! You can use the following labels: state_variables = ['x1' 'y1' 'z' 'x2' 'y2' 'g'] and space = ['region_000' 'region_001' 'region_002' 'region_003' 'region_004'
 'region_005' 'region_006' 'region_007' 'region_008' 'region_009'
 'region_010' 'region_011' 'region_012' 'region_013' 'region_014'
 'region_015' 'region_016' 'region_017' 'region_018' 'region_019'
 'region_020' 'region_021' 'region_022' 'region_023' 'region_024'
 'region_025' 'region_026' 'region_027' 'region_028' 'region_029'
 'region_030' 'region_031' 'region_032' 'region_033' 'region_034'
 'region_035' 'region_036' 'region_037' 'region_038' 'region_039'
 'region_040' 'region_041' 'region_042' 'region_043' 'region_044'
 'region_045' 'region_046' 'region_047' 'region_048' 'region_049'
 'region_050' 'region_051' 'region_052' 'region_053' 'region_054'
 'region_055' 'region_056' 'region_057' 'region_058' 'region_059'
 'region_060' 'region_061' 'region_062' 'region_063' 'region_064'
 'region_065' 'region_066' 'region_067' 'region_068' 'region_069'
 'region_070' 'region_071' 'region_072' 'region_073' 'region_074'
 'region_075' 'region_076' 'region_077' 'region_078' 'region_079'
 'region_080' 'region_081' 'region_082' 'region_083' 'region_084'
 'region_085' 'region_086' 'region_087' 'region_088' 'region_089'
 'region_090' 'region_091' 'region_092' 'region_093' 'region_094'
 'region_095' 'region_096' 'region_097' 'region_098' 'region_099'
 'region_100' 'region_101' 'region_102' 'region_103' 'region_104'
 'region_105' 'region_106' 'region_107' 'region_108' 'region_109'
 'region_110' 'region_111' 'region_112' 'region_113' 'region_114'
 'region_115' 'region_116' 'region_117' 'region_118' 'region_119'
 'region_120' 'region_121' 'region_122' 'region_123' 'region_124'
 'region_125' 'region_126' 'region_127' 'region_128' 'region_129'
 'region_130' 'region_131' 'region_132' 'region_133' 'region_134'
 'region_135' 'region_136' 'region_137' 'region_138' 'region_139'
 'region_140' 'region_141' 'region_142' 'region_143' 'region_144'
 'region_145' 'region_146' 'region_147' 'region_148' 'region_149'
 'region_150' 'region_151' 'region_152' 'region_153' 'region_154'
 'region_155' 'region_156' 'region_157' 'region_158' 'region_159'
 'region_160' 'region_161' 'region_162' 'region_163' 'region_164'
 'region_165' 'region_166']
2019-08-16 02:39:13,539 - ERROR - tvb_timeseries.model.timeseries - Attribute volume is not defined for this instance! You can use the following labels: state_variables = ['x1' 'y1' 'z' 'x2' 'y2' 'g'] and space = ['region_000' 'region_001' 'region_002' 'region_003' 'region_004'
 'region_005' 'region_006' 'region_007' 'region_008' 'region_009'
 'region_010' 'region_011' 'region_012' 'region_013' 'region_014'
 'region_015' 'region_016' 'region_017' 'region_018' 'region_019'
 'region_020' 'region_021' 'region_022' 'region_023' 'region_024'
 'region_025' 'region_026' 'region_027' 'region_028' 'region_029'
 'region_030' 'region_031' 'region_032' 'region_033' 'region_034'
 'region_035' 'region_036' 'region_037' 'region_038' 'region_039'
 'region_040' 'region_041' 'region_042' 'region_043' 'region_044'
 'region_045' 'region_046' 'region_047' 'region_048' 'region_049'
 'region_050' 'region_051' 'region_052' 'region_053' 'region_054'
 'region_055' 'region_056' 'region_057' 'region_058' 'region_059'
 'region_060' 'region_061' 'region_062' 'region_063' 'region_064'
 'region_065' 'region_066' 'region_067' 'region_068' 'region_069'
 'region_070' 'region_071' 'region_072' 'region_073' 'region_074'
 'region_075' 'region_076' 'region_077' 'region_078' 'region_079'
 'region_080' 'region_081' 'region_082' 'region_083' 'region_084'
 'region_085' 'region_086' 'region_087' 'region_088' 'region_089'
 'region_090' 'region_091' 'region_092' 'region_093' 'region_094'
 'region_095' 'region_096' 'region_097' 'region_098' 'region_099'
 'region_100' 'region_101' 'region_102' 'region_103' 'region_104'
 'region_105' 'region_106' 'region_107' 'region_108' 'region_109'
 'region_110' 'region_111' 'region_112' 'region_113' 'region_114'
 'region_115' 'region_116' 'region_117' 'region_118' 'region_119'
 'region_120' 'region_121' 'region_122' 'region_123' 'region_124'
 'region_125' 'region_126' 'region_127' 'region_128' 'region_129'
 'region_130' 'region_131' 'region_132' 'region_133' 'region_134'
 'region_135' 'region_136' 'region_137' 'region_138' 'region_139'
 'region_140' 'region_141' 'region_142' 'region_143' 'region_144'
 'region_145' 'region_146' 'region_147' 'region_148' 'region_149'
 'region_150' 'region_151' 'region_152' 'region_153' 'region_154'
 'region_155' 'region_156' 'region_157' 'region_158' 'region_159'
 'region_160' 'region_161' 'region_162' 'region_163' 'region_164'
 'region_165' 'region_166']
2019-08-16 02:41:59,082 - ERROR - tvb_timeseries.model.timeseries - Attribute sensors is not defined for this instance! You can use the following labels: state_variables = ['x1' 'y1' 'z' 'x2' 'y2' 'g'] and space = ['region_000' 'region_001' 'region_002' 'region_003' 'region_004'
 'region_005' 'region_006' 'region_007' 'region_008' 'region_009'
 'region_010' 'region_011' 'region_012' 'region_013' 'region_014'
 'region_015' 'region_016' 'region_017' 'region_018' 'region_019'
 'region_020' 'region_021' 'region_022' 'region_023' 'region_024'
 'region_025' 'region_026' 'region_027' 'region_028' 'region_029'
 'region_030' 'region_031' 'region_032' 'region_033' 'region_034'
 'region_035' 'region_036' 'region_037' 'region_038' 'region_039'
 'region_040' 'region_041' 'region_042' 'region_043' 'region_044'
 'region_045' 'region_046' 'region_047' 'region_048' 'region_049'
 'region_050' 'region_051' 'region_052' 'region_053' 'region_054'
 'region_055' 'region_056' 'region_057' 'region_058' 'region_059'
 'region_060' 'region_061' 'region_062' 'region_063' 'region_064'
 'region_065' 'region_066' 'region_067' 'region_068' 'region_069'
 'region_070' 'region_071' 'region_072' 'region_073' 'region_074'
 'region_075' 'region_076' 'region_077' 'region_078' 'region_079'
 'region_080' 'region_081' 'region_082' 'region_083' 'region_084'
 'region_085' 'region_086' 'region_087' 'region_088' 'region_089'
 'region_090' 'region_091' 'region_092' 'region_093' 'region_094'
 'region_095' 'region_096' 'region_097' 'region_098' 'region_099'
 'region_100' 'region_101' 'region_102' 'region_103' 'region_104'
 'region_105' 'region_106' 'region_107' 'region_108' 'region_109'
 'region_110' 'region_111' 'region_112' 'region_113' 'region_114'
 'region_115' 'region_116' 'region_117' 'region_118' 'region_119'
 'region_120' 'region_121' 'region_122' 'region_123' 'region_124'
 'region_125' 'region_126' 'region_127' 'region_128' 'region_129'
 'region_130' 'region_131' 'region_132' 'region_133' 'region_134'
 'region_135' 'region_136' 'region_137' 'region_138' 'region_139'
 'region_140' 'region_141' 'region_142' 'region_143' 'region_144'
 'region_145' 'region_146' 'region_147' 'region_148' 'region_149'
 'region_150' 'region_151' 'region_152' 'region_153' 'region_154'
 'region_155' 'region_156' 'region_157' 'region_158' 'region_159'
 'region_160' 'region_161' 'region_162' 'region_163' 'region_164'
 'region_165' 'region_166']
2019-08-16 02:41:59,082 - ERROR - tvb_timeseries.model.timeseries - Attribute sensors is not defined for this instance! You can use the following labels: state_variables = ['x1' 'y1' 'z' 'x2' 'y2' 'g'] and space = ['region_000' 'region_001' 'region_002' 'region_003' 'region_004'
 'region_005' 'region_006' 'region_007' 'region_008' 'region_009'
 'region_010' 'region_011' 'region_012' 'region_013' 'region_014'
 'region_015' 'region_016' 'region_017' 'region_018' 'region_019'
 'region_020' 'region_021' 'region_022' 'region_023' 'region_024'
 'region_025' 'region_026' 'region_027' 'region_028' 'region_029'
 'region_030' 'region_031' 'region_032' 'region_033' 'region_034'
 'region_035' 'region_036' 'region_037' 'region_038' 'region_039'
 'region_040' 'region_041' 'region_042' 'region_043' 'region_044'
 'region_045' 'region_046' 'region_047' 'region_048' 'region_049'
 'region_050' 'region_051' 'region_052' 'region_053' 'region_054'
 'region_055' 'region_056' 'region_057' 'region_058' 'region_059'
 'region_060' 'region_061' 'region_062' 'region_063' 'region_064'
 'region_065' 'region_066' 'region_067' 'region_068' 'region_069'
 'region_070' 'region_071' 'region_072' 'region_073' 'region_074'
 'region_075' 'region_076' 'region_077' 'region_078' 'region_079'
 'region_080' 'region_081' 'region_082' 'region_083' 'region_084'
 'region_085' 'region_086' 'region_087' 'region_088' 'region_089'
 'region_090' 'region_091' 'region_092' 'region_093' 'region_094'
 'region_095' 'region_096' 'region_097' 'region_098' 'region_099'
 'region_100' 'region_101' 'region_102' 'region_103' 'region_104'
 'region_105' 'region_106' 'region_107' 'region_108' 'region_109'
 'region_110' 'region_111' 'region_112' 'region_113' 'region_114'
 'region_115' 'region_116' 'region_117' 'region_118' 'region_119'
 'region_120' 'region_121' 'region_122' 'region_123' 'region_124'
 'region_125' 'region_126' 'region_127' 'region_128' 'region_129'
 'region_130' 'region_131' 'region_132' 'region_133' 'region_134'
 'region_135' 'region_136' 'region_137' 'region_138' 'region_139'
 'region_140' 'region_141' 'region_142' 'region_143' 'region_144'
 'region_145' 'region_146' 'region_147' 'region_148' 'region_149'
 'region_150' 'region_151' 'region_152' 'region_153' 'region_154'
 'region_155' 'region_156' 'region_157' 'region_158' 'region_159'
 'region_160' 'region_161' 'region_162' 'region_163' 'region_164'
 'region_165' 'region_166']
2019-08-16 02:41:59,084 - ERROR - tvb_timeseries.model.timeseries - Attribute surface is not defined for this instance! You can use the following labels: state_variables = ['x1' 'y1' 'z' 'x2' 'y2' 'g'] and space = ['region_000' 'region_001' 'region_002' 'region_003' 'region_004'
 'region_005' 'region_006' 'region_007' 'region_008' 'region_009'
 'region_010' 'region_011' 'region_012' 'region_013' 'region_014'
 'region_015' 'region_016' 'region_017' 'region_018' 'region_019'
 'region_020' 'region_021' 'region_022' 'region_023' 'region_024'
 'region_025' 'region_026' 'region_027' 'region_028' 'region_029'
 'region_030' 'region_031' 'region_032' 'region_033' 'region_034'
 'region_035' 'region_036' 'region_037' 'region_038' 'region_039'
 'region_040' 'region_041' 'region_042' 'region_043' 'region_044'
 'region_045' 'region_046' 'region_047' 'region_048' 'region_049'
 'region_050' 'region_051' 'region_052' 'region_053' 'region_054'
 'region_055' 'region_056' 'region_057' 'region_058' 'region_059'
 'region_060' 'region_061' 'region_062' 'region_063' 'region_064'
 'region_065' 'region_066' 'region_067' 'region_068' 'region_069'
 'region_070' 'region_071' 'region_072' 'region_073' 'region_074'
 'region_075' 'region_076' 'region_077' 'region_078' 'region_079'
 'region_080' 'region_081' 'region_082' 'region_083' 'region_084'
 'region_085' 'region_086' 'region_087' 'region_088' 'region_089'
 'region_090' 'region_091' 'region_092' 'region_093' 'region_094'
 'region_095' 'region_096' 'region_097' 'region_098' 'region_099'
 'region_100' 'region_101' 'region_102' 'region_103' 'region_104'
 'region_105' 'region_106' 'region_107' 'region_108' 'region_109'
 'region_110' 'region_111' 'region_112' 'region_113' 'region_114'
 'region_115' 'region_116' 'region_117' 'region_118' 'region_119'
 'region_120' 'region_121' 'region_122' 'region_123' 'region_124'
 'region_125' 'region_126' 'region_127' 'region_128' 'region_129'
 'region_130' 'region_131' 'region_132' 'region_133' 'region_134'
 'region_135' 'region_136' 'region_137' 'region_138' 'region_139'
 'region_140' 'region_141' 'region_142' 'region_143' 'region_144'
 'region_145' 'region_146' 'region_147' 'region_148' 'region_149'
 'region_150' 'region_151' 'region_152' 'region_153' 'region_154'
 'region_155' 'region_156' 'region_157' 'region_158' 'region_159'
 'region_160' 'region_161' 'region_162' 'region_163' 'region_164'
 'region_165' 'region_166']
2019-08-16 02:41:59,084 - ERROR - tvb_timeseries.model.timeseries - Attribute surface is not defined for this instance! You can use the following labels: state_variables = ['x1' 'y1' 'z' 'x2' 'y2' 'g'] and space = ['region_000' 'region_001' 'region_002' 'region_003' 'region_004'
 'region_005' 'region_006' 'region_007' 'region_008' 'region_009'
 'region_010' 'region_011' 'region_012' 'region_013' 'region_014'
 'region_015' 'region_016' 'region_017' 'region_018' 'region_019'
 'region_020' 'region_021' 'region_022' 'region_023' 'region_024'
 'region_025' 'region_026' 'region_027' 'region_028' 'region_029'
 'region_030' 'region_031' 'region_032' 'region_033' 'region_034'
 'region_035' 'region_036' 'region_037' 'region_038' 'region_039'
 'region_040' 'region_041' 'region_042' 'region_043' 'region_044'
 'region_045' 'region_046' 'region_047' 'region_048' 'region_049'
 'region_050' 'region_051' 'region_052' 'region_053' 'region_054'
 'region_055' 'region_056' 'region_057' 'region_058' 'region_059'
 'region_060' 'region_061' 'region_062' 'region_063' 'region_064'
 'region_065' 'region_066' 'region_067' 'region_068' 'region_069'
 'region_070' 'region_071' 'region_072' 'region_073' 'region_074'
 'region_075' 'region_076' 'region_077' 'region_078' 'region_079'
 'region_080' 'region_081' 'region_082' 'region_083' 'region_084'
 'region_085' 'region_086' 'region_087' 'region_088' 'region_089'
 'region_090' 'region_091' 'region_092' 'region_093' 'region_094'
 'region_095' 'region_096' 'region_097' 'region_098' 'region_099'
 'region_100' 'region_101' 'region_102' 'region_103' 'region_104'
 'region_105' 'region_106' 'region_107' 'region_108' 'region_109'
 'region_110' 'region_111' 'region_112' 'region_113' 'region_114'
 'region_115' 'region_116' 'region_117' 'region_118' 'region_119'
 'region_120' 'region_121' 'region_122' 'region_123' 'region_124'
 'region_125' 'region_126' 'region_127' 'region_128' 'region_129'
 'region_130' 'region_131' 'region_132' 'region_133' 'region_134'
 'region_135' 'region_136' 'region_137' 'region_138' 'region_139'
 'region_140' 'region_141' 'region_142' 'region_143' 'region_144'
 'region_145' 'region_146' 'region_147' 'region_148' 'region_149'
 'region_150' 'region_151' 'region_152' 'region_153' 'region_154'
 'region_155' 'region_156' 'region_157' 'region_158' 'region_159'
 'region_160' 'region_161' 'region_162' 'region_163' 'region_164'
 'region_165' 'region_166']
2019-08-16 02:41:59,085 - ERROR - tvb_timeseries.model.timeseries - Attribute volume is not defined for this instance! You can use the following labels: state_variables = ['x1' 'y1' 'z' 'x2' 'y2' 'g'] and space = ['region_000' 'region_001' 'region_002' 'region_003' 'region_004'
 'region_005' 'region_006' 'region_007' 'region_008' 'region_009'
 'region_010' 'region_011' 'region_012' 'region_013' 'region_014'
 'region_015' 'region_016' 'region_017' 'region_018' 'region_019'
 'region_020' 'region_021' 'region_022' 'region_023' 'region_024'
 'region_025' 'region_026' 'region_027' 'region_028' 'region_029'
 'region_030' 'region_031' 'region_032' 'region_033' 'region_034'
 'region_035' 'region_036' 'region_037' 'region_038' 'region_039'
 'region_040' 'region_041' 'region_042' 'region_043' 'region_044'
 'region_045' 'region_046' 'region_047' 'region_048' 'region_049'
 'region_050' 'region_051' 'region_052' 'region_053' 'region_054'
 'region_055' 'region_056' 'region_057' 'region_058' 'region_059'
 'region_060' 'region_061' 'region_062' 'region_063' 'region_064'
 'region_065' 'region_066' 'region_067' 'region_068' 'region_069'
 'region_070' 'region_071' 'region_072' 'region_073' 'region_074'
 'region_075' 'region_076' 'region_077' 'region_078' 'region_079'
 'region_080' 'region_081' 'region_082' 'region_083' 'region_084'
 'region_085' 'region_086' 'region_087' 'region_088' 'region_089'
 'region_090' 'region_091' 'region_092' 'region_093' 'region_094'
 'region_095' 'region_096' 'region_097' 'region_098' 'region_099'
 'region_100' 'region_101' 'region_102' 'region_103' 'region_104'
 'region_105' 'region_106' 'region_107' 'region_108' 'region_109'
 'region_110' 'region_111' 'region_112' 'region_113' 'region_114'
 'region_115' 'region_116' 'region_117' 'region_118' 'region_119'
 'region_120' 'region_121' 'region_122' 'region_123' 'region_124'
 'region_125' 'region_126' 'region_127' 'region_128' 'region_129'
 'region_130' 'region_131' 'region_132' 'region_133' 'region_134'
 'region_135' 'region_136' 'region_137' 'region_138' 'region_139'
 'region_140' 'region_141' 'region_142' 'region_143' 'region_144'
 'region_145' 'region_146' 'region_147' 'region_148' 'region_149'
 'region_150' 'region_151' 'region_152' 'region_153' 'region_154'
 'region_155' 'region_156' 'region_157' 'region_158' 'region_159'
 'region_160' 'region_161' 'region_162' 'region_163' 'region_164'
 'region_165' 'region_166']
2019-08-16 02:41:59,085 - ERROR - tvb_timeseries.model.timeseries - Attribute volume is not defined for this instance! You can use the following labels: state_variables = ['x1' 'y1' 'z' 'x2' 'y2' 'g'] and space = ['region_000' 'region_001' 'region_002' 'region_003' 'region_004'
 'region_005' 'region_006' 'region_007' 'region_008' 'region_009'
 'region_010' 'region_011' 'region_012' 'region_013' 'region_014'
 'region_015' 'region_016' 'region_017' 'region_018' 'region_019'
 'region_020' 'region_021' 'region_022' 'region_023' 'region_024'
 'region_025' 'region_026' 'region_027' 'region_028' 'region_029'
 'region_030' 'region_031' 'region_032' 'region_033' 'region_034'
 'region_035' 'region_036' 'region_037' 'region_038' 'region_039'
 'region_040' 'region_041' 'region_042' 'region_043' 'region_044'
 'region_045' 'region_046' 'region_047' 'region_048' 'region_049'
 'region_050' 'region_051' 'region_052' 'region_053' 'region_054'
 'region_055' 'region_056' 'region_057' 'region_058' 'region_059'
 'region_060' 'region_061' 'region_062' 'region_063' 'region_064'
 'region_065' 'region_066' 'region_067' 'region_068' 'region_069'
 'region_070' 'region_071' 'region_072' 'region_073' 'region_074'
 'region_075' 'region_076' 'region_077' 'region_078' 'region_079'
 'region_080' 'region_081' 'region_082' 'region_083' 'region_084'
 'region_085' 'region_086' 'region_087' 'region_088' 'region_089'
 'region_090' 'region_091' 'region_092' 'region_093' 'region_094'
 'region_095' 'region_096' 'region_097' 'region_098' 'region_099'
 'region_100' 'region_101' 'region_102' 'region_103' 'region_104'
 'region_105' 'region_106' 'region_107' 'region_108' 'region_109'
 'region_110' 'region_111' 'region_112' 'region_113' 'region_114'
 'region_115' 'region_116' 'region_117' 'region_118' 'region_119'
 'region_120' 'region_121' 'region_122' 'region_123' 'region_124'
 'region_125' 'region_126' 'region_127' 'region_128' 'region_129'
 'region_130' 'region_131' 'region_132' 'region_133' 'region_134'
 'region_135' 'region_136' 'region_137' 'region_138' 'region_139'
 'region_140' 'region_141' 'region_142' 'region_143' 'region_144'
 'region_145' 'region_146' 'region_147' 'region_148' 'region_149'
 'region_150' 'region_151' 'region_152' 'region_153' 'region_154'
 'region_155' 'region_156' 'region_157' 'region_158' 'region_159'
 'region_160' 'region_161' 'region_162' 'region_163' 'region_164'
 'region_165' 'region_166']
2019-08-16 02:59:13,839 - ERROR - tvb_timeseries.model.timeseries - Attribute sensors is not defined for this instance! You can use the following labels: state_variables = ['x1' 'y1' 'z' 'x2' 'y2' 'g'] and space = ['region_000' 'region_001' 'region_002' 'region_003' 'region_004'
 'region_005' 'region_006' 'region_007' 'region_008' 'region_009'
 'region_010' 'region_011' 'region_012' 'region_013' 'region_014'
 'region_015' 'region_016' 'region_017' 'region_018' 'region_019'
 'region_020' 'region_021' 'region_022' 'region_023' 'region_024'
 'region_025' 'region_026' 'region_027' 'region_028' 'region_029'
 'region_030' 'region_031' 'region_032' 'region_033' 'region_034'
 'region_035' 'region_036' 'region_037' 'region_038' 'region_039'
 'region_040' 'region_041' 'region_042' 'region_043' 'region_044'
 'region_045' 'region_046' 'region_047' 'region_048' 'region_049'
 'region_050' 'region_051' 'region_052' 'region_053' 'region_054'
 'region_055' 'region_056' 'region_057' 'region_058' 'region_059'
 'region_060' 'region_061' 'region_062' 'region_063' 'region_064'
 'region_065' 'region_066' 'region_067' 'region_068' 'region_069'
 'region_070' 'region_071' 'region_072' 'region_073' 'region_074'
 'region_075' 'region_076' 'region_077' 'region_078' 'region_079'
 'region_080' 'region_081' 'region_082' 'region_083' 'region_084'
 'region_085' 'region_086' 'region_087' 'region_088' 'region_089'
 'region_090' 'region_091' 'region_092' 'region_093' 'region_094'
 'region_095' 'region_096' 'region_097' 'region_098' 'region_099'
 'region_100' 'region_101' 'region_102' 'region_103' 'region_104'
 'region_105' 'region_106' 'region_107' 'region_108' 'region_109'
 'region_110' 'region_111' 'region_112' 'region_113' 'region_114'
 'region_115' 'region_116' 'region_117' 'region_118' 'region_119'
 'region_120' 'region_121' 'region_122' 'region_123' 'region_124'
 'region_125' 'region_126' 'region_127' 'region_128' 'region_129'
 'region_130' 'region_131' 'region_132' 'region_133' 'region_134'
 'region_135' 'region_136' 'region_137' 'region_138' 'region_139'
 'region_140' 'region_141' 'region_142' 'region_143' 'region_144'
 'region_145' 'region_146' 'region_147' 'region_148' 'region_149'
 'region_150' 'region_151' 'region_152' 'region_153' 'region_154'
 'region_155' 'region_156' 'region_157' 'region_158' 'region_159'
 'region_160' 'region_161' 'region_162' 'region_163' 'region_164'
 'region_165' 'region_166']
2019-08-16 02:59:13,839 - ERROR - tvb_timeseries.model.timeseries - Attribute sensors is not defined for this instance! You can use the following labels: state_variables = ['x1' 'y1' 'z' 'x2' 'y2' 'g'] and space = ['region_000' 'region_001' 'region_002' 'region_003' 'region_004'
 'region_005' 'region_006' 'region_007' 'region_008' 'region_009'
 'region_010' 'region_011' 'region_012' 'region_013' 'region_014'
 'region_015' 'region_016' 'region_017' 'region_018' 'region_019'
 'region_020' 'region_021' 'region_022' 'region_023' 'region_024'
 'region_025' 'region_026' 'region_027' 'region_028' 'region_029'
 'region_030' 'region_031' 'region_032' 'region_033' 'region_034'
 'region_035' 'region_036' 'region_037' 'region_038' 'region_039'
 'region_040' 'region_041' 'region_042' 'region_043' 'region_044'
 'region_045' 'region_046' 'region_047' 'region_048' 'region_049'
 'region_050' 'region_051' 'region_052' 'region_053' 'region_054'
 'region_055' 'region_056' 'region_057' 'region_058' 'region_059'
 'region_060' 'region_061' 'region_062' 'region_063' 'region_064'
 'region_065' 'region_066' 'region_067' 'region_068' 'region_069'
 'region_070' 'region_071' 'region_072' 'region_073' 'region_074'
 'region_075' 'region_076' 'region_077' 'region_078' 'region_079'
 'region_080' 'region_081' 'region_082' 'region_083' 'region_084'
 'region_085' 'region_086' 'region_087' 'region_088' 'region_089'
 'region_090' 'region_091' 'region_092' 'region_093' 'region_094'
 'region_095' 'region_096' 'region_097' 'region_098' 'region_099'
 'region_100' 'region_101' 'region_102' 'region_103' 'region_104'
 'region_105' 'region_106' 'region_107' 'region_108' 'region_109'
 'region_110' 'region_111' 'region_112' 'region_113' 'region_114'
 'region_115' 'region_116' 'region_117' 'region_118' 'region_119'
 'region_120' 'region_121' 'region_122' 'region_123' 'region_124'
 'region_125' 'region_126' 'region_127' 'region_128' 'region_129'
 'region_130' 'region_131' 'region_132' 'region_133' 'region_134'
 'region_135' 'region_136' 'region_137' 'region_138' 'region_139'
 'region_140' 'region_141' 'region_142' 'region_143' 'region_144'
 'region_145' 'region_146' 'region_147' 'region_148' 'region_149'
 'region_150' 'region_151' 'region_152' 'region_153' 'region_154'
 'region_155' 'region_156' 'region_157' 'region_158' 'region_159'
 'region_160' 'region_161' 'region_162' 'region_163' 'region_164'
 'region_165' 'region_166']
2019-08-16 02:59:13,843 - ERROR - tvb_timeseries.model.timeseries - Attribute surface is not defined for this instance! You can use the following labels: state_variables = ['x1' 'y1' 'z' 'x2' 'y2' 'g'] and space = ['region_000' 'region_001' 'region_002' 'region_003' 'region_004'
 'region_005' 'region_006' 'region_007' 'region_008' 'region_009'
 'region_010' 'region_011' 'region_012' 'region_013' 'region_014'
 'region_015' 'region_016' 'region_017' 'region_018' 'region_019'
 'region_020' 'region_021' 'region_022' 'region_023' 'region_024'
 'region_025' 'region_026' 'region_027' 'region_028' 'region_029'
 'region_030' 'region_031' 'region_032' 'region_033' 'region_034'
 'region_035' 'region_036' 'region_037' 'region_038' 'region_039'
 'region_040' 'region_041' 'region_042' 'region_043' 'region_044'
 'region_045' 'region_046' 'region_047' 'region_048' 'region_049'
 'region_050' 'region_051' 'region_052' 'region_053' 'region_054'
 'region_055' 'region_056' 'region_057' 'region_058' 'region_059'
 'region_060' 'region_061' 'region_062' 'region_063' 'region_064'
 'region_065' 'region_066' 'region_067' 'region_068' 'region_069'
 'region_070' 'region_071' 'region_072' 'region_073' 'region_074'
 'region_075' 'region_076' 'region_077' 'region_078' 'region_079'
 'region_080' 'region_081' 'region_082' 'region_083' 'region_084'
 'region_085' 'region_086' 'region_087' 'region_088' 'region_089'
 'region_090' 'region_091' 'region_092' 'region_093' 'region_094'
 'region_095' 'region_096' 'region_097' 'region_098' 'region_099'
 'region_100' 'region_101' 'region_102' 'region_103' 'region_104'
 'region_105' 'region_106' 'region_107' 'region_108' 'region_109'
 'region_110' 'region_111' 'region_112' 'region_113' 'region_114'
 'region_115' 'region_116' 'region_117' 'region_118' 'region_119'
 'region_120' 'region_121' 'region_122' 'region_123' 'region_124'
 'region_125' 'region_126' 'region_127' 'region_128' 'region_129'
 'region_130' 'region_131' 'region_132' 'region_133' 'region_134'
 'region_135' 'region_136' 'region_137' 'region_138' 'region_139'
 'region_140' 'region_141' 'region_142' 'region_143' 'region_144'
 'region_145' 'region_146' 'region_147' 'region_148' 'region_149'
 'region_150' 'region_151' 'region_152' 'region_153' 'region_154'
 'region_155' 'region_156' 'region_157' 'region_158' 'region_159'
 'region_160' 'region_161' 'region_162' 'region_163' 'region_164'
 'region_165' 'region_166']
2019-08-16 02:59:13,843 - ERROR - tvb_timeseries.model.timeseries - Attribute surface is not defined for this instance! You can use the following labels: state_variables = ['x1' 'y1' 'z' 'x2' 'y2' 'g'] and space = ['region_000' 'region_001' 'region_002' 'region_003' 'region_004'
 'region_005' 'region_006' 'region_007' 'region_008' 'region_009'
 'region_010' 'region_011' 'region_012' 'region_013' 'region_014'
 'region_015' 'region_016' 'region_017' 'region_018' 'region_019'
 'region_020' 'region_021' 'region_022' 'region_023' 'region_024'
 'region_025' 'region_026' 'region_027' 'region_028' 'region_029'
 'region_030' 'region_031' 'region_032' 'region_033' 'region_034'
 'region_035' 'region_036' 'region_037' 'region_038' 'region_039'
 'region_040' 'region_041' 'region_042' 'region_043' 'region_044'
 'region_045' 'region_046' 'region_047' 'region_048' 'region_049'
 'region_050' 'region_051' 'region_052' 'region_053' 'region_054'
 'region_055' 'region_056' 'region_057' 'region_058' 'region_059'
 'region_060' 'region_061' 'region_062' 'region_063' 'region_064'
 'region_065' 'region_066' 'region_067' 'region_068' 'region_069'
 'region_070' 'region_071' 'region_072' 'region_073' 'region_074'
 'region_075' 'region_076' 'region_077' 'region_078' 'region_079'
 'region_080' 'region_081' 'region_082' 'region_083' 'region_084'
 'region_085' 'region_086' 'region_087' 'region_088' 'region_089'
 'region_090' 'region_091' 'region_092' 'region_093' 'region_094'
 'region_095' 'region_096' 'region_097' 'region_098' 'region_099'
 'region_100' 'region_101' 'region_102' 'region_103' 'region_104'
 'region_105' 'region_106' 'region_107' 'region_108' 'region_109'
 'region_110' 'region_111' 'region_112' 'region_113' 'region_114'
 'region_115' 'region_116' 'region_117' 'region_118' 'region_119'
 'region_120' 'region_121' 'region_122' 'region_123' 'region_124'
 'region_125' 'region_126' 'region_127' 'region_128' 'region_129'
 'region_130' 'region_131' 'region_132' 'region_133' 'region_134'
 'region_135' 'region_136' 'region_137' 'region_138' 'region_139'
 'region_140' 'region_141' 'region_142' 'region_143' 'region_144'
 'region_145' 'region_146' 'region_147' 'region_148' 'region_149'
 'region_150' 'region_151' 'region_152' 'region_153' 'region_154'
 'region_155' 'region_156' 'region_157' 'region_158' 'region_159'
 'region_160' 'region_161' 'region_162' 'region_163' 'region_164'
 'region_165' 'region_166']
2019-08-16 02:59:13,844 - ERROR - tvb_timeseries.model.timeseries - Attribute volume is not defined for this instance! You can use the following labels: state_variables = ['x1' 'y1' 'z' 'x2' 'y2' 'g'] and space = ['region_000' 'region_001' 'region_002' 'region_003' 'region_004'
 'region_005' 'region_006' 'region_007' 'region_008' 'region_009'
 'region_010' 'region_011' 'region_012' 'region_013' 'region_014'
 'region_015' 'region_016' 'region_017' 'region_018' 'region_019'
 'region_020' 'region_021' 'region_022' 'region_023' 'region_024'
 'region_025' 'region_026' 'region_027' 'region_028' 'region_029'
 'region_030' 'region_031' 'region_032' 'region_033' 'region_034'
 'region_035' 'region_036' 'region_037' 'region_038' 'region_039'
 'region_040' 'region_041' 'region_042' 'region_043' 'region_044'
 'region_045' 'region_046' 'region_047' 'region_048' 'region_049'
 'region_050' 'region_051' 'region_052' 'region_053' 'region_054'
 'region_055' 'region_056' 'region_057' 'region_058' 'region_059'
 'region_060' 'region_061' 'region_062' 'region_063' 'region_064'
 'region_065' 'region_066' 'region_067' 'region_068' 'region_069'
 'region_070' 'region_071' 'region_072' 'region_073' 'region_074'
 'region_075' 'region_076' 'region_077' 'region_078' 'region_079'
 'region_080' 'region_081' 'region_082' 'region_083' 'region_084'
 'region_085' 'region_086' 'region_087' 'region_088' 'region_089'
 'region_090' 'region_091' 'region_092' 'region_093' 'region_094'
 'region_095' 'region_096' 'region_097' 'region_098' 'region_099'
 'region_100' 'region_101' 'region_102' 'region_103' 'region_104'
 'region_105' 'region_106' 'region_107' 'region_108' 'region_109'
 'region_110' 'region_111' 'region_112' 'region_113' 'region_114'
 'region_115' 'region_116' 'region_117' 'region_118' 'region_119'
 'region_120' 'region_121' 'region_122' 'region_123' 'region_124'
 'region_125' 'region_126' 'region_127' 'region_128' 'region_129'
 'region_130' 'region_131' 'region_132' 'region_133' 'region_134'
 'region_135' 'region_136' 'region_137' 'region_138' 'region_139'
 'region_140' 'region_141' 'region_142' 'region_143' 'region_144'
 'region_145' 'region_146' 'region_147' 'region_148' 'region_149'
 'region_150' 'region_151' 'region_152' 'region_153' 'region_154'
 'region_155' 'region_156' 'region_157' 'region_158' 'region_159'
 'region_160' 'region_161' 'region_162' 'region_163' 'region_164'
 'region_165' 'region_166']
2019-08-16 02:59:13,844 - ERROR - tvb_timeseries.model.timeseries - Attribute volume is not defined for this instance! You can use the following labels: state_variables = ['x1' 'y1' 'z' 'x2' 'y2' 'g'] and space = ['region_000' 'region_001' 'region_002' 'region_003' 'region_004'
 'region_005' 'region_006' 'region_007' 'region_008' 'region_009'
 'region_010' 'region_011' 'region_012' 'region_013' 'region_014'
 'region_015' 'region_016' 'region_017' 'region_018' 'region_019'
 'region_020' 'region_021' 'region_022' 'region_023' 'region_024'
 'region_025' 'region_026' 'region_027' 'region_028' 'region_029'
 'region_030' 'region_031' 'region_032' 'region_033' 'region_034'
 'region_035' 'region_036' 'region_037' 'region_038' 'region_039'
 'region_040' 'region_041' 'region_042' 'region_043' 'region_044'
 'region_045' 'region_046' 'region_047' 'region_048' 'region_049'
 'region_050' 'region_051' 'region_052' 'region_053' 'region_054'
 'region_055' 'region_056' 'region_057' 'region_058' 'region_059'
 'region_060' 'region_061' 'region_062' 'region_063' 'region_064'
 'region_065' 'region_066' 'region_067' 'region_068' 'region_069'
 'region_070' 'region_071' 'region_072' 'region_073' 'region_074'
 'region_075' 'region_076' 'region_077' 'region_078' 'region_079'
 'region_080' 'region_081' 'region_082' 'region_083' 'region_084'
 'region_085' 'region_086' 'region_087' 'region_088' 'region_089'
 'region_090' 'region_091' 'region_092' 'region_093' 'region_094'
 'region_095' 'region_096' 'region_097' 'region_098' 'region_099'
 'region_100' 'region_101' 'region_102' 'region_103' 'region_104'
 'region_105' 'region_106' 'region_107' 'region_108' 'region_109'
 'region_110' 'region_111' 'region_112' 'region_113' 'region_114'
 'region_115' 'region_116' 'region_117' 'region_118' 'region_119'
 'region_120' 'region_121' 'region_122' 'region_123' 'region_124'
 'region_125' 'region_126' 'region_127' 'region_128' 'region_129'
 'region_130' 'region_131' 'region_132' 'region_133' 'region_134'
 'region_135' 'region_136' 'region_137' 'region_138' 'region_139'
 'region_140' 'region_141' 'region_142' 'region_143' 'region_144'
 'region_145' 'region_146' 'region_147' 'region_148' 'region_149'
 'region_150' 'region_151' 'region_152' 'region_153' 'region_154'
 'region_155' 'region_156' 'region_157' 'region_158' 'region_159'
 'region_160' 'region_161' 'region_162' 'region_163' 'region_164'
 'region_165' 'region_166']
2019-08-16 03:02:39,282 - ERROR - tvb_fit.tvb_epilepsy.base.model.timeseries - Attribute dimension_labels is not defined for this instance! You can use the following labels: state_variables = ['x1' 'y1' 'z' 'x2' 'y2' 'g'] and space = ['region_000' 'region_001' 'region_002' 'region_003' 'region_004'
 'region_005' 'region_006' 'region_007' 'region_008' 'region_009'
 'region_010' 'region_011' 'region_012' 'region_013' 'region_014'
 'region_015' 'region_016' 'region_017' 'region_018' 'region_019'
 'region_020' 'region_021' 'region_022' 'region_023' 'region_024'
 'region_025' 'region_026' 'region_027' 'region_028' 'region_029'
 'region_030' 'region_031' 'region_032' 'region_033' 'region_034'
 'region_035' 'region_036' 'region_037' 'region_038' 'region_039'
 'region_040' 'region_041' 'region_042' 'region_043' 'region_044'
 'region_045' 'region_046' 'region_047' 'region_048' 'region_049'
 'region_050' 'region_051' 'region_052' 'region_053' 'region_054'
 'region_055' 'region_056' 'region_057' 'region_058' 'region_059'
 'region_060' 'region_061' 'region_062' 'region_063' 'region_064'
 'region_065' 'region_066' 'region_067' 'region_068' 'region_069'
 'region_070' 'region_071' 'region_072' 'region_073' 'region_074'
 'region_075' 'region_076' 'region_077' 'region_078' 'region_079'
 'region_080' 'region_081' 'region_082' 'region_083' 'region_084'
 'region_085' 'region_086' 'region_087' 'region_088' 'region_089'
 'region_090' 'region_091' 'region_092' 'region_093' 'region_094'
 'region_095' 'region_096' 'region_097' 'region_098' 'region_099'
 'region_100' 'region_101' 'region_102' 'region_103' 'region_104'
 'region_105' 'region_106' 'region_107' 'region_108' 'region_109'
 'region_110' 'region_111' 'region_112' 'region_113' 'region_114'
 'region_115' 'region_116' 'region_117' 'region_118' 'region_119'
 'region_120' 'region_121' 'region_122' 'region_123' 'region_124'
 'region_125' 'region_126' 'region_127' 'region_128' 'region_129'
 'region_130' 'region_131' 'region_132' 'region_133' 'region_134'
 'region_135' 'region_136' 'region_137' 'region_138' 'region_139'
 'region_140' 'region_141' 'region_142' 'region_143' 'region_144'
 'region_145' 'region_146' 'region_147' 'region_148' 'region_149'
 'region_150' 'region_151' 'region_152' 'region_153' 'region_154'
 'region_155' 'region_156' 'region_157' 'region_158' 'region_159'
 'region_160' 'region_161' 'region_162' 'region_163' 'region_164'
 'region_165' 'region_166']
2019-08-16 03:02:39,284 - ERROR - tvb_fit.tvb_epilepsy.base.model.timeseries - Attribute source is not defined for this instance! You can use the following labels: state_variables = ['x1' 'y1' 'z' 'x2' 'y2' 'g'] and space = ['region_000' 'region_001' 'region_002' 'region_003' 'region_004'
 'region_005' 'region_006' 'region_007' 'region_008' 'region_009'
 'region_010' 'region_011' 'region_012' 'region_013' 'region_014'
 'region_015' 'region_016' 'region_017' 'region_018' 'region_019'
 'region_020' 'region_021' 'region_022' 'region_023' 'region_024'
 'region_025' 'region_026' 'region_027' 'region_028' 'region_029'
 'region_030' 'region_031' 'region_032' 'region_033' 'region_034'
 'region_035' 'region_036' 'region_037' 'region_038' 'region_039'
 'region_040' 'region_041' 'region_042' 'region_043' 'region_044'
 'region_045' 'region_046' 'region_047' 'region_048' 'region_049'
 'region_050' 'region_051' 'region_052' 'region_053' 'region_054'
 'region_055' 'region_056' 'region_057' 'region_058' 'region_059'
 'region_060' 'region_061' 'region_062' 'region_063' 'region_064'
 'region_065' 'region_066' 'region_067' 'region_068' 'region_069'
 'region_070' 'region_071' 'region_072' 'region_073' 'region_074'
 'region_075' 'region_076' 'region_077' 'region_078' 'region_079'
 'region_080' 'region_081' 'region_082' 'region_083' 'region_084'
 'region_085' 'region_086' 'region_087' 'region_088' 'region_089'
 'region_090' 'region_091' 'region_092' 'region_093' 'region_094'
 'region_095' 'region_096' 'region_097' 'region_098' 'region_099'
 'region_100' 'region_101' 'region_102' 'region_103' 'region_104'
 'region_105' 'region_106' 'region_107' 'region_108' 'region_109'
 'region_110' 'region_111' 'region_112' 'region_113' 'region_114'
 'region_115' 'region_116' 'region_117' 'region_118' 'region_119'
 'region_120' 'region_121' 'region_122' 'region_123' 'region_124'
 'region_125' 'region_126' 'region_127' 'region_128' 'region_129'
 'region_130' 'region_131' 'region_132' 'region_133' 'region_134'
 'region_135' 'region_136' 'region_137' 'region_138' 'region_139'
 'region_140' 'region_141' 'region_142' 'region_143' 'region_144'
 'region_145' 'region_146' 'region_147' 'region_148' 'region_149'
 'region_150' 'region_151' 'region_152' 'region_153' 'region_154'
 'region_155' 'region_156' 'region_157' 'region_158' 'region_159'
 'region_160' 'region_161' 'region_162' 'region_163' 'region_164'
 'region_165' 'region_166']
2019-08-16 03:06:38,246 - ERROR - tvb_fit.tvb_epilepsy.base.model.timeseries - Attribute dimension_labels is not defined for this instance! You can use the following labels: state_variables = ['x1' 'y1' 'z' 'x2' 'y2' 'g'] and space = ['region_000' 'region_001' 'region_002' 'region_003' 'region_004'
 'region_005' 'region_006' 'region_007' 'region_008' 'region_009'
 'region_010' 'region_011' 'region_012' 'region_013' 'region_014'
 'region_015' 'region_016' 'region_017' 'region_018' 'region_019'
 'region_020' 'region_021' 'region_022' 'region_023' 'region_024'
 'region_025' 'region_026' 'region_027' 'region_028' 'region_029'
 'region_030' 'region_031' 'region_032' 'region_033' 'region_034'
 'region_035' 'region_036' 'region_037' 'region_038' 'region_039'
 'region_040' 'region_041' 'region_042' 'region_043' 'region_044'
 'region_045' 'region_046' 'region_047' 'region_048' 'region_049'
 'region_050' 'region_051' 'region_052' 'region_053' 'region_054'
 'region_055' 'region_056' 'region_057' 'region_058' 'region_059'
 'region_060' 'region_061' 'region_062' 'region_063' 'region_064'
 'region_065' 'region_066' 'region_067' 'region_068' 'region_069'
 'region_070' 'region_071' 'region_072' 'region_073' 'region_074'
 'region_075' 'region_076' 'region_077' 'region_078' 'region_079'
 'region_080' 'region_081' 'region_082' 'region_083' 'region_084'
 'region_085' 'region_086' 'region_087' 'region_088' 'region_089'
 'region_090' 'region_091' 'region_092' 'region_093' 'region_094'
 'region_095' 'region_096' 'region_097' 'region_098' 'region_099'
 'region_100' 'region_101' 'region_102' 'region_103' 'region_104'
 'region_105' 'region_106' 'region_107' 'region_108' 'region_109'
 'region_110' 'region_111' 'region_112' 'region_113' 'region_114'
 'region_115' 'region_116' 'region_117' 'region_118' 'region_119'
 'region_120' 'region_121' 'region_122' 'region_123' 'region_124'
 'region_125' 'region_126' 'region_127' 'region_128' 'region_129'
 'region_130' 'region_131' 'region_132' 'region_133' 'region_134'
 'region_135' 'region_136' 'region_137' 'region_138' 'region_139'
 'region_140' 'region_141' 'region_142' 'region_143' 'region_144'
 'region_145' 'region_146' 'region_147' 'region_148' 'region_149'
 'region_150' 'region_151' 'region_152' 'region_153' 'region_154'
 'region_155' 'region_156' 'region_157' 'region_158' 'region_159'
 'region_160' 'region_161' 'region_162' 'region_163' 'region_164'
 'region_165' 'region_166']
2019-08-16 03:06:38,250 - ERROR - tvb_fit.tvb_epilepsy.base.model.timeseries - Attribute source is not defined for this instance! You can use the following labels: state_variables = ['x1' 'y1' 'z' 'x2' 'y2' 'g'] and space = ['region_000' 'region_001' 'region_002' 'region_003' 'region_004'
 'region_005' 'region_006' 'region_007' 'region_008' 'region_009'
 'region_010' 'region_011' 'region_012' 'region_013' 'region_014'
 'region_015' 'region_016' 'region_017' 'region_018' 'region_019'
 'region_020' 'region_021' 'region_022' 'region_023' 'region_024'
 'region_025' 'region_026' 'region_027' 'region_028' 'region_029'
 'region_030' 'region_031' 'region_032' 'region_033' 'region_034'
 'region_035' 'region_036' 'region_037' 'region_038' 'region_039'
 'region_040' 'region_041' 'region_042' 'region_043' 'region_044'
 'region_045' 'region_046' 'region_047' 'region_048' 'region_049'
 'region_050' 'region_051' 'region_052' 'region_053' 'region_054'
 'region_055' 'region_056' 'region_057' 'region_058' 'region_059'
 'region_060' 'region_061' 'region_062' 'region_063' 'region_064'
 'region_065' 'region_066' 'region_067' 'region_068' 'region_069'
 'region_070' 'region_071' 'region_072' 'region_073' 'region_074'
 'region_075' 'region_076' 'region_077' 'region_078' 'region_079'
 'region_080' 'region_081' 'region_082' 'region_083' 'region_084'
 'region_085' 'region_086' 'region_087' 'region_088' 'region_089'
 'region_090' 'region_091' 'region_092' 'region_093' 'region_094'
 'region_095' 'region_096' 'region_097' 'region_098' 'region_099'
 'region_100' 'region_101' 'region_102' 'region_103' 'region_104'
 'region_105' 'region_106' 'region_107' 'region_108' 'region_109'
 'region_110' 'region_111' 'region_112' 'region_113' 'region_114'
 'region_115' 'region_116' 'region_117' 'region_118' 'region_119'
 'region_120' 'region_121' 'region_122' 'region_123' 'region_124'
 'region_125' 'region_126' 'region_127' 'region_128' 'region_129'
 'region_130' 'region_131' 'region_132' 'region_133' 'region_134'
 'region_135' 'region_136' 'region_137' 'region_138' 'region_139'
 'region_140' 'region_141' 'region_142' 'region_143' 'region_144'
 'region_145' 'region_146' 'region_147' 'region_148' 'region_149'
 'region_150' 'region_151' 'region_152' 'region_153' 'region_154'
 'region_155' 'region_156' 'region_157' 'region_158' 'region_159'
 'region_160' 'region_161' 'region_162' 'region_163' 'region_164'
 'region_165' 'region_166']
2019-08-16 03:11:34,814 - ERROR - tvb_fit.tvb_epilepsy.base.model.timeseries - Attribute dimension_labels is not defined for this instance! You can use the following labels: state_variables = ['x1' 'y1' 'z' 'x2' 'y2' 'g'] and space = ['region_000' 'region_001' 'region_002' 'region_003' 'region_004'
 'region_005' 'region_006' 'region_007' 'region_008' 'region_009'
 'region_010' 'region_011' 'region_012' 'region_013' 'region_014'
 'region_015' 'region_016' 'region_017' 'region_018' 'region_019'
 'region_020' 'region_021' 'region_022' 'region_023' 'region_024'
 'region_025' 'region_026' 'region_027' 'region_028' 'region_029'
 'region_030' 'region_031' 'region_032' 'region_033' 'region_034'
 'region_035' 'region_036' 'region_037' 'region_038' 'region_039'
 'region_040' 'region_041' 'region_042' 'region_043' 'region_044'
 'region_045' 'region_046' 'region_047' 'region_048' 'region_049'
 'region_050' 'region_051' 'region_052' 'region_053' 'region_054'
 'region_055' 'region_056' 'region_057' 'region_058' 'region_059'
 'region_060' 'region_061' 'region_062' 'region_063' 'region_064'
 'region_065' 'region_066' 'region_067' 'region_068' 'region_069'
 'region_070' 'region_071' 'region_072' 'region_073' 'region_074'
 'region_075' 'region_076' 'region_077' 'region_078' 'region_079'
 'region_080' 'region_081' 'region_082' 'region_083' 'region_084'
 'region_085' 'region_086' 'region_087' 'region_088' 'region_089'
 'region_090' 'region_091' 'region_092' 'region_093' 'region_094'
 'region_095' 'region_096' 'region_097' 'region_098' 'region_099'
 'region_100' 'region_101' 'region_102' 'region_103' 'region_104'
 'region_105' 'region_106' 'region_107' 'region_108' 'region_109'
 'region_110' 'region_111' 'region_112' 'region_113' 'region_114'
 'region_115' 'region_116' 'region_117' 'region_118' 'region_119'
 'region_120' 'region_121' 'region_122' 'region_123' 'region_124'
 'region_125' 'region_126' 'region_127' 'region_128' 'region_129'
 'region_130' 'region_131' 'region_132' 'region_133' 'region_134'
 'region_135' 'region_136' 'region_137' 'region_138' 'region_139'
 'region_140' 'region_141' 'region_142' 'region_143' 'region_144'
 'region_145' 'region_146' 'region_147' 'region_148' 'region_149'
 'region_150' 'region_151' 'region_152' 'region_153' 'region_154'
 'region_155' 'region_156' 'region_157' 'region_158' 'region_159'
 'region_160' 'region_161' 'region_162' 'region_163' 'region_164'
 'region_165' 'region_166']
2019-08-16 03:26:50,870 - ERROR - tvb_fit.tvb_epilepsy.base.model.timeseries - Attribute time_start is not defined for this instance! You can use the following labels: state_variables = ['x1' 'y1' 'z' 'x2' 'y2' 'g'] and space = ['region_000' 'region_001' 'region_002' 'region_003' 'region_004'
 'region_005' 'region_006' 'region_007' 'region_008' 'region_009'
 'region_010' 'region_011' 'region_012' 'region_013' 'region_014'
 'region_015' 'region_016' 'region_017' 'region_018' 'region_019'
 'region_020' 'region_021' 'region_022' 'region_023' 'region_024'
 'region_025' 'region_026' 'region_027' 'region_028' 'region_029'
 'region_030' 'region_031' 'region_032' 'region_033' 'region_034'
 'region_035' 'region_036' 'region_037' 'region_038' 'region_039'
 'region_040' 'region_041' 'region_042' 'region_043' 'region_044'
 'region_045' 'region_046' 'region_047' 'region_048' 'region_049'
 'region_050' 'region_051' 'region_052' 'region_053' 'region_054'
 'region_055' 'region_056' 'region_057' 'region_058' 'region_059'
 'region_060' 'region_061' 'region_062' 'region_063' 'region_064'
 'region_065' 'region_066' 'region_067' 'region_068' 'region_069'
 'region_070' 'region_071' 'region_072' 'region_073' 'region_074'
 'region_075' 'region_076' 'region_077' 'region_078' 'region_079'
 'region_080' 'region_081' 'region_082' 'region_083' 'region_084'
 'region_085' 'region_086' 'region_087' 'region_088' 'region_089'
 'region_090' 'region_091' 'region_092' 'region_093' 'region_094'
 'region_095' 'region_096' 'region_097' 'region_098' 'region_099'
 'region_100' 'region_101' 'region_102' 'region_103' 'region_104'
 'region_105' 'region_106' 'region_107' 'region_108' 'region_109'
 'region_110' 'region_111' 'region_112' 'region_113' 'region_114'
 'region_115' 'region_116' 'region_117' 'region_118' 'region_119'
 'region_120' 'region_121' 'region_122' 'region_123' 'region_124'
 'region_125' 'region_126' 'region_127' 'region_128' 'region_129'
 'region_130' 'region_131' 'region_132' 'region_133' 'region_134'
 'region_135' 'region_136' 'region_137' 'region_138' 'region_139'
 'region_140' 'region_141' 'region_142' 'region_143' 'region_144'
 'region_145' 'region_146' 'region_147' 'region_148' 'region_149'
 'region_150' 'region_151' 'region_152' 'region_153' 'region_154'
 'region_155' 'region_156' 'region_157' 'region_158' 'region_159'
 'region_160' 'region_161' 'region_162' 'region_163' 'region_164'
 'region_165' 'region_166']
2019-08-16 03:28:40,054 - ERROR - tvb_fit.tvb_epilepsy.base.model.timeseries - Attribute time_step is not defined for this instance! You can use the following labels: state_variables = ['source'] and space = ['region_000' 'region_001' 'region_002' 'region_003' 'region_004'
 'region_005' 'region_006' 'region_007' 'region_008' 'region_009'
 'region_010' 'region_011' 'region_012' 'region_013' 'region_014'
 'region_015' 'region_016' 'region_017' 'region_018' 'region_019'
 'region_020' 'region_021' 'region_022' 'region_023' 'region_024'
 'region_025' 'region_026' 'region_027' 'region_028' 'region_029'
 'region_030' 'region_031' 'region_032' 'region_033' 'region_034'
 'region_035' 'region_036' 'region_037' 'region_038' 'region_039'
 'region_040' 'region_041' 'region_042' 'region_043' 'region_044'
 'region_045' 'region_046' 'region_047' 'region_048' 'region_049'
 'region_050' 'region_051' 'region_052' 'region_053' 'region_054'
 'region_055' 'region_056' 'region_057' 'region_058' 'region_059'
 'region_060' 'region_061' 'region_062' 'region_063' 'region_064'
 'region_065' 'region_066' 'region_067' 'region_068' 'region_069'
 'region_070' 'region_071' 'region_072' 'region_073' 'region_074'
 'region_075' 'region_076' 'region_077' 'region_078' 'region_079'
 'region_080' 'region_081' 'region_082' 'region_083' 'region_084'
 'region_085' 'region_086' 'region_087' 'region_088' 'region_089'
 'region_090' 'region_091' 'region_092' 'region_093' 'region_094'
 'region_095' 'region_096' 'region_097' 'region_098' 'region_099'
 'region_100' 'region_101' 'region_102' 'region_103' 'region_104'
 'region_105' 'region_106' 'region_107' 'region_108' 'region_109'
 'region_110' 'region_111' 'region_112' 'region_113' 'region_114'
 'region_115' 'region_116' 'region_117' 'region_118' 'region_119'
 'region_120' 'region_121' 'region_122' 'region_123' 'region_124'
 'region_125' 'region_126' 'region_127' 'region_128' 'region_129'
 'region_130' 'region_131' 'region_132' 'region_133' 'region_134'
 'region_135' 'region_136' 'region_137' 'region_138' 'region_139'
 'region_140' 'region_141' 'region_142' 'region_143' 'region_144'
 'region_145' 'region_146' 'region_147' 'region_148' 'region_149'
 'region_150' 'region_151' 'region_152' 'region_153' 'region_154'
 'region_155' 'region_156' 'region_157' 'region_158' 'region_159'
 'region_160' 'region_161' 'region_162' 'region_163' 'region_164'
 'region_165' 'region_166']
2019-08-16 04:25:44,228 - ERROR - tvb_fit.tvb_epilepsy.base.model.timeseries - Attribute sensors is not defined for this instance! You can use the following labels: state_variables = ['source'] and space = ['ctx_lh_G_and_S_frontomargin' 'ctx_lh_G_and_S_occipital_inf'
 'ctx_lh_G_and_S_paracentral' 'ctx_lh_G_and_S_subcentral'
 'ctx_lh_G_and_S_transv_frontopol' 'ctx_lh_G_and_S_cingul-Ant'
 'ctx_lh_G_and_S_cingul-Mid-Ant' 'ctx_lh_G_and_S_cingul-Mid-Post'
 'ctx_lh_G_cingul-Post-dorsal' 'ctx_lh_G_cingul-Post-ventral'
 'ctx_lh_G_cuneus' 'ctx_lh_G_front_inf-Opercular'
 'ctx_lh_G_front_inf-Orbital' 'ctx_lh_G_front_inf-Triangul'
 'ctx_lh_G_front_middle' 'ctx_lh_G_front_sup'
 'ctx_lh_G_Ins_lg_and_S_cent_ins' 'ctx_lh_G_insular_short'
 'ctx_lh_G_occipital_middle' 'ctx_lh_G_occipital_sup'
 'ctx_lh_G_oc-temp_lat-fusifor' 'ctx_lh_G_oc-temp_med-Lingual'
 'ctx_lh_G_oc-temp_med-Parahip' 'ctx_lh_G_orbital'
 'ctx_lh_G_pariet_inf-Angular' 'ctx_lh_G_pariet_inf-Supramar'
 'ctx_lh_G_parietal_sup' 'ctx_lh_G_postcentral' 'ctx_lh_G_precentral'
 'ctx_lh_G_precuneus' 'ctx_lh_G_rectus' 'ctx_lh_G_subcallosal'
 'ctx_lh_G_temp_sup-G_T_transv' 'ctx_lh_G_temp_sup-Lateral'
 'ctx_lh_G_temp_sup-Plan_polar' 'ctx_lh_G_temp_sup-Plan_tempo'
 'ctx_lh_G_temporal_inf' 'ctx_lh_G_temporal_middle'
 'ctx_lh_Lat_Fis-ant-Horizont' 'ctx_lh_Lat_Fis-ant-Vertical'
 'ctx_lh_Lat_Fis-post' 'ctx_lh_Pole_occipital' 'ctx_lh_Pole_temporal'
 'ctx_lh_S_calcarine' 'ctx_lh_S_central' 'ctx_lh_S_cingul-Marginalis'
 'ctx_lh_S_circular_insula_ant' 'ctx_lh_S_circular_insula_inf'
 'ctx_lh_S_circular_insula_sup' 'ctx_lh_S_collat_transv_ant'
 'ctx_lh_S_collat_transv_post' 'ctx_lh_S_front_inf'
 'ctx_lh_S_front_middle' 'ctx_lh_S_front_sup'
 'ctx_lh_S_interm_prim-Jensen' 'ctx_lh_S_intrapariet_and_P_trans'
 'ctx_lh_S_oc_middle_and_Lunatus' 'ctx_lh_S_oc_sup_and_transversal'
 'ctx_lh_S_occipital_ant' 'ctx_lh_S_oc-temp_lat'
 'ctx_lh_S_oc-temp_med_and_Lingual' 'ctx_lh_S_orbital_lateral'
 'ctx_lh_S_orbital_med-olfact' 'ctx_lh_S_orbital-H_Shaped'
 'ctx_lh_S_parieto_occipital' 'ctx_lh_S_pericallosal'
 'ctx_lh_S_postcentral' 'ctx_lh_S_precentral-inf-part'
 'ctx_lh_S_precentral-sup-part' 'ctx_lh_S_suborbital'
 'ctx_lh_S_subparietal' 'ctx_lh_S_temporal_inf' 'ctx_lh_S_temporal_sup'
 'ctx_lh_S_temporal_transverse' 'ctx_lh_Unknown'
 'ctx_rh_G_and_S_frontomargin' 'ctx_rh_G_and_S_occipital_inf'
 'ctx_rh_G_and_S_paracentral' 'ctx_rh_G_and_S_subcentral'
 'ctx_rh_G_and_S_transv_frontopol' 'ctx_rh_G_and_S_cingul-Ant'
 'ctx_rh_G_and_S_cingul-Mid-Ant' 'ctx_rh_G_and_S_cingul-Mid-Post'
 'ctx_rh_G_cingul-Post-dorsal' 'ctx_rh_G_cingul-Post-ventral'
 'ctx_rh_G_cuneus' 'ctx_rh_G_front_inf-Opercular'
 'ctx_rh_G_front_inf-Orbital' 'ctx_rh_G_front_inf-Triangul'
 'ctx_rh_G_front_middle' 'ctx_rh_G_front_sup'
 'ctx_rh_G_Ins_lg_and_S_cent_ins' 'ctx_rh_G_insular_short'
 'ctx_rh_G_occipital_middle' 'ctx_rh_G_occipital_sup'
 'ctx_rh_G_oc-temp_lat-fusifor' 'ctx_rh_G_oc-temp_med-Lingual'
 'ctx_rh_G_oc-temp_med-Parahip' 'ctx_rh_G_orbital'
 'ctx_rh_G_pariet_inf-Angular' 'ctx_rh_G_pariet_inf-Supramar'
 'ctx_rh_G_parietal_sup' 'ctx_rh_G_postcentral' 'ctx_rh_G_precentral'
 'ctx_rh_G_precuneus' 'ctx_rh_G_rectus' 'ctx_rh_G_subcallosal'
 'ctx_rh_G_temp_sup-G_T_transv' 'ctx_rh_G_temp_sup-Lateral'
 'ctx_rh_G_temp_sup-Plan_polar' 'ctx_rh_G_temp_sup-Plan_tempo'
 'ctx_rh_G_temporal_inf' 'ctx_rh_G_temporal_middle'
 'ctx_rh_Lat_Fis-ant-Horizont' 'ctx_rh_Lat_Fis-ant-Vertical'
 'ctx_rh_Lat_Fis-post' 'ctx_rh_Pole_occipital' 'ctx_rh_Pole_temporal'
 'ctx_rh_S_calcarine' 'ctx_rh_S_central' 'ctx_rh_S_cingul-Marginalis'
 'ctx_rh_S_circular_insula_ant' 'ctx_rh_S_circular_insula_inf'
 'ctx_rh_S_circular_insula_sup' 'ctx_rh_S_collat_transv_ant'
 'ctx_rh_S_collat_transv_post' 'ctx_rh_S_front_inf'
 'ctx_rh_S_front_middle' 'ctx_rh_S_front_sup'
 'ctx_rh_S_interm_prim-Jensen' 'ctx_rh_S_intrapariet_and_P_trans'
 'ctx_rh_S_oc_middle_and_Lunatus' 'ctx_rh_S_oc_sup_and_transversal'
 'ctx_rh_S_occipital_ant' 'ctx_rh_S_oc-temp_lat'
 'ctx_rh_S_oc-temp_med_and_Lingual' 'ctx_rh_S_orbital_lateral'
 'ctx_rh_S_orbital_med-olfact' 'ctx_rh_S_orbital-H_Shaped'
 'ctx_rh_S_parieto_occipital' 'ctx_rh_S_pericallosal'
 'ctx_rh_S_postcentral' 'ctx_rh_S_precentral-inf-part'
 'ctx_rh_S_precentral-sup-part' 'ctx_rh_S_suborbital'
 'ctx_rh_S_subparietal' 'ctx_rh_S_temporal_inf' 'ctx_rh_S_temporal_sup'
 'ctx_rh_S_temporal_transverse' 'ctx_rh_Unknown' 'Left-Cerebellum-Cortex'
 'Left-Thalamus-Proper' 'Left-Caudate' 'Left-Putamen' 'Left-Pallidum'
 'Brain-Stem' 'Left-Hippocampus' 'Left-Amygdala' 'Left-Accumbens-area'
 'Right-Cerebellum-Cortex' 'Right-Thalamus-Proper' 'Right-Caudate'
 'Right-Putamen' 'Right-Pallidum' 'Right-Hippocampus' 'Right-Amygdala'
 'Right-Accumbens-area']
2019-08-16 04:25:44,232 - ERROR - tvb_fit.tvb_epilepsy.base.model.timeseries - Attribute surface is not defined for this instance! You can use the following labels: state_variables = ['source'] and space = ['ctx_lh_G_and_S_frontomargin' 'ctx_lh_G_and_S_occipital_inf'
 'ctx_lh_G_and_S_paracentral' 'ctx_lh_G_and_S_subcentral'
 'ctx_lh_G_and_S_transv_frontopol' 'ctx_lh_G_and_S_cingul-Ant'
 'ctx_lh_G_and_S_cingul-Mid-Ant' 'ctx_lh_G_and_S_cingul-Mid-Post'
 'ctx_lh_G_cingul-Post-dorsal' 'ctx_lh_G_cingul-Post-ventral'
 'ctx_lh_G_cuneus' 'ctx_lh_G_front_inf-Opercular'
 'ctx_lh_G_front_inf-Orbital' 'ctx_lh_G_front_inf-Triangul'
 'ctx_lh_G_front_middle' 'ctx_lh_G_front_sup'
 'ctx_lh_G_Ins_lg_and_S_cent_ins' 'ctx_lh_G_insular_short'
 'ctx_lh_G_occipital_middle' 'ctx_lh_G_occipital_sup'
 'ctx_lh_G_oc-temp_lat-fusifor' 'ctx_lh_G_oc-temp_med-Lingual'
 'ctx_lh_G_oc-temp_med-Parahip' 'ctx_lh_G_orbital'
 'ctx_lh_G_pariet_inf-Angular' 'ctx_lh_G_pariet_inf-Supramar'
 'ctx_lh_G_parietal_sup' 'ctx_lh_G_postcentral' 'ctx_lh_G_precentral'
 'ctx_lh_G_precuneus' 'ctx_lh_G_rectus' 'ctx_lh_G_subcallosal'
 'ctx_lh_G_temp_sup-G_T_transv' 'ctx_lh_G_temp_sup-Lateral'
 'ctx_lh_G_temp_sup-Plan_polar' 'ctx_lh_G_temp_sup-Plan_tempo'
 'ctx_lh_G_temporal_inf' 'ctx_lh_G_temporal_middle'
 'ctx_lh_Lat_Fis-ant-Horizont' 'ctx_lh_Lat_Fis-ant-Vertical'
 'ctx_lh_Lat_Fis-post' 'ctx_lh_Pole_occipital' 'ctx_lh_Pole_temporal'
 'ctx_lh_S_calcarine' 'ctx_lh_S_central' 'ctx_lh_S_cingul-Marginalis'
 'ctx_lh_S_circular_insula_ant' 'ctx_lh_S_circular_insula_inf'
 'ctx_lh_S_circular_insula_sup' 'ctx_lh_S_collat_transv_ant'
 'ctx_lh_S_collat_transv_post' 'ctx_lh_S_front_inf'
 'ctx_lh_S_front_middle' 'ctx_lh_S_front_sup'
 'ctx_lh_S_interm_prim-Jensen' 'ctx_lh_S_intrapariet_and_P_trans'
 'ctx_lh_S_oc_middle_and_Lunatus' 'ctx_lh_S_oc_sup_and_transversal'
 'ctx_lh_S_occipital_ant' 'ctx_lh_S_oc-temp_lat'
 'ctx_lh_S_oc-temp_med_and_Lingual' 'ctx_lh_S_orbital_lateral'
 'ctx_lh_S_orbital_med-olfact' 'ctx_lh_S_orbital-H_Shaped'
 'ctx_lh_S_parieto_occipital' 'ctx_lh_S_pericallosal'
 'ctx_lh_S_postcentral' 'ctx_lh_S_precentral-inf-part'
 'ctx_lh_S_precentral-sup-part' 'ctx_lh_S_suborbital'
 'ctx_lh_S_subparietal' 'ctx_lh_S_temporal_inf' 'ctx_lh_S_temporal_sup'
 'ctx_lh_S_temporal_transverse' 'ctx_lh_Unknown'
 'ctx_rh_G_and_S_frontomargin' 'ctx_rh_G_and_S_occipital_inf'
 'ctx_rh_G_and_S_paracentral' 'ctx_rh_G_and_S_subcentral'
 'ctx_rh_G_and_S_transv_frontopol' 'ctx_rh_G_and_S_cingul-Ant'
 'ctx_rh_G_and_S_cingul-Mid-Ant' 'ctx_rh_G_and_S_cingul-Mid-Post'
 'ctx_rh_G_cingul-Post-dorsal' 'ctx_rh_G_cingul-Post-ventral'
 'ctx_rh_G_cuneus' 'ctx_rh_G_front_inf-Opercular'
 'ctx_rh_G_front_inf-Orbital' 'ctx_rh_G_front_inf-Triangul'
 'ctx_rh_G_front_middle' 'ctx_rh_G_front_sup'
 'ctx_rh_G_Ins_lg_and_S_cent_ins' 'ctx_rh_G_insular_short'
 'ctx_rh_G_occipital_middle' 'ctx_rh_G_occipital_sup'
 'ctx_rh_G_oc-temp_lat-fusifor' 'ctx_rh_G_oc-temp_med-Lingual'
 'ctx_rh_G_oc-temp_med-Parahip' 'ctx_rh_G_orbital'
 'ctx_rh_G_pariet_inf-Angular' 'ctx_rh_G_pariet_inf-Supramar'
 'ctx_rh_G_parietal_sup' 'ctx_rh_G_postcentral' 'ctx_rh_G_precentral'
 'ctx_rh_G_precuneus' 'ctx_rh_G_rectus' 'ctx_rh_G_subcallosal'
 'ctx_rh_G_temp_sup-G_T_transv' 'ctx_rh_G_temp_sup-Lateral'
 'ctx_rh_G_temp_sup-Plan_polar' 'ctx_rh_G_temp_sup-Plan_tempo'
 'ctx_rh_G_temporal_inf' 'ctx_rh_G_temporal_middle'
 'ctx_rh_Lat_Fis-ant-Horizont' 'ctx_rh_Lat_Fis-ant-Vertical'
 'ctx_rh_Lat_Fis-post' 'ctx_rh_Pole_occipital' 'ctx_rh_Pole_temporal'
 'ctx_rh_S_calcarine' 'ctx_rh_S_central' 'ctx_rh_S_cingul-Marginalis'
 'ctx_rh_S_circular_insula_ant' 'ctx_rh_S_circular_insula_inf'
 'ctx_rh_S_circular_insula_sup' 'ctx_rh_S_collat_transv_ant'
 'ctx_rh_S_collat_transv_post' 'ctx_rh_S_front_inf'
 'ctx_rh_S_front_middle' 'ctx_rh_S_front_sup'
 'ctx_rh_S_interm_prim-Jensen' 'ctx_rh_S_intrapariet_and_P_trans'
 'ctx_rh_S_oc_middle_and_Lunatus' 'ctx_rh_S_oc_sup_and_transversal'
 'ctx_rh_S_occipital_ant' 'ctx_rh_S_oc-temp_lat'
 'ctx_rh_S_oc-temp_med_and_Lingual' 'ctx_rh_S_orbital_lateral'
 'ctx_rh_S_orbital_med-olfact' 'ctx_rh_S_orbital-H_Shaped'
 'ctx_rh_S_parieto_occipital' 'ctx_rh_S_pericallosal'
 'ctx_rh_S_postcentral' 'ctx_rh_S_precentral-inf-part'
 'ctx_rh_S_precentral-sup-part' 'ctx_rh_S_suborbital'
 'ctx_rh_S_subparietal' 'ctx_rh_S_temporal_inf' 'ctx_rh_S_temporal_sup'
 'ctx_rh_S_temporal_transverse' 'ctx_rh_Unknown' 'Left-Cerebellum-Cortex'
 'Left-Thalamus-Proper' 'Left-Caudate' 'Left-Putamen' 'Left-Pallidum'
 'Brain-Stem' 'Left-Hippocampus' 'Left-Amygdala' 'Left-Accumbens-area'
 'Right-Cerebellum-Cortex' 'Right-Thalamus-Proper' 'Right-Caudate'
 'Right-Putamen' 'Right-Pallidum' 'Right-Hippocampus' 'Right-Amygdala'
 'Right-Accumbens-area']
2019-08-16 04:25:44,233 - ERROR - tvb_fit.tvb_epilepsy.base.model.timeseries - Attribute volume is not defined for this instance! You can use the following labels: state_variables = ['source'] and space = ['ctx_lh_G_and_S_frontomargin' 'ctx_lh_G_and_S_occipital_inf'
 'ctx_lh_G_and_S_paracentral' 'ctx_lh_G_and_S_subcentral'
 'ctx_lh_G_and_S_transv_frontopol' 'ctx_lh_G_and_S_cingul-Ant'
 'ctx_lh_G_and_S_cingul-Mid-Ant' 'ctx_lh_G_and_S_cingul-Mid-Post'
 'ctx_lh_G_cingul-Post-dorsal' 'ctx_lh_G_cingul-Post-ventral'
 'ctx_lh_G_cuneus' 'ctx_lh_G_front_inf-Opercular'
 'ctx_lh_G_front_inf-Orbital' 'ctx_lh_G_front_inf-Triangul'
 'ctx_lh_G_front_middle' 'ctx_lh_G_front_sup'
 'ctx_lh_G_Ins_lg_and_S_cent_ins' 'ctx_lh_G_insular_short'
 'ctx_lh_G_occipital_middle' 'ctx_lh_G_occipital_sup'
 'ctx_lh_G_oc-temp_lat-fusifor' 'ctx_lh_G_oc-temp_med-Lingual'
 'ctx_lh_G_oc-temp_med-Parahip' 'ctx_lh_G_orbital'
 'ctx_lh_G_pariet_inf-Angular' 'ctx_lh_G_pariet_inf-Supramar'
 'ctx_lh_G_parietal_sup' 'ctx_lh_G_postcentral' 'ctx_lh_G_precentral'
 'ctx_lh_G_precuneus' 'ctx_lh_G_rectus' 'ctx_lh_G_subcallosal'
 'ctx_lh_G_temp_sup-G_T_transv' 'ctx_lh_G_temp_sup-Lateral'
 'ctx_lh_G_temp_sup-Plan_polar' 'ctx_lh_G_temp_sup-Plan_tempo'
 'ctx_lh_G_temporal_inf' 'ctx_lh_G_temporal_middle'
 'ctx_lh_Lat_Fis-ant-Horizont' 'ctx_lh_Lat_Fis-ant-Vertical'
 'ctx_lh_Lat_Fis-post' 'ctx_lh_Pole_occipital' 'ctx_lh_Pole_temporal'
 'ctx_lh_S_calcarine' 'ctx_lh_S_central' 'ctx_lh_S_cingul-Marginalis'
 'ctx_lh_S_circular_insula_ant' 'ctx_lh_S_circular_insula_inf'
 'ctx_lh_S_circular_insula_sup' 'ctx_lh_S_collat_transv_ant'
 'ctx_lh_S_collat_transv_post' 'ctx_lh_S_front_inf'
 'ctx_lh_S_front_middle' 'ctx_lh_S_front_sup'
 'ctx_lh_S_interm_prim-Jensen' 'ctx_lh_S_intrapariet_and_P_trans'
 'ctx_lh_S_oc_middle_and_Lunatus' 'ctx_lh_S_oc_sup_and_transversal'
 'ctx_lh_S_occipital_ant' 'ctx_lh_S_oc-temp_lat'
 'ctx_lh_S_oc-temp_med_and_Lingual' 'ctx_lh_S_orbital_lateral'
 'ctx_lh_S_orbital_med-olfact' 'ctx_lh_S_orbital-H_Shaped'
 'ctx_lh_S_parieto_occipital' 'ctx_lh_S_pericallosal'
 'ctx_lh_S_postcentral' 'ctx_lh_S_precentral-inf-part'
 'ctx_lh_S_precentral-sup-part' 'ctx_lh_S_suborbital'
 'ctx_lh_S_subparietal' 'ctx_lh_S_temporal_inf' 'ctx_lh_S_temporal_sup'
 'ctx_lh_S_temporal_transverse' 'ctx_lh_Unknown'
 'ctx_rh_G_and_S_frontomargin' 'ctx_rh_G_and_S_occipital_inf'
 'ctx_rh_G_and_S_paracentral' 'ctx_rh_G_and_S_subcentral'
 'ctx_rh_G_and_S_transv_frontopol' 'ctx_rh_G_and_S_cingul-Ant'
 'ctx_rh_G_and_S_cingul-Mid-Ant' 'ctx_rh_G_and_S_cingul-Mid-Post'
 'ctx_rh_G_cingul-Post-dorsal' 'ctx_rh_G_cingul-Post-ventral'
 'ctx_rh_G_cuneus' 'ctx_rh_G_front_inf-Opercular'
 'ctx_rh_G_front_inf-Orbital' 'ctx_rh_G_front_inf-Triangul'
 'ctx_rh_G_front_middle' 'ctx_rh_G_front_sup'
 'ctx_rh_G_Ins_lg_and_S_cent_ins' 'ctx_rh_G_insular_short'
 'ctx_rh_G_occipital_middle' 'ctx_rh_G_occipital_sup'
 'ctx_rh_G_oc-temp_lat-fusifor' 'ctx_rh_G_oc-temp_med-Lingual'
 'ctx_rh_G_oc-temp_med-Parahip' 'ctx_rh_G_orbital'
 'ctx_rh_G_pariet_inf-Angular' 'ctx_rh_G_pariet_inf-Supramar'
 'ctx_rh_G_parietal_sup' 'ctx_rh_G_postcentral' 'ctx_rh_G_precentral'
 'ctx_rh_G_precuneus' 'ctx_rh_G_rectus' 'ctx_rh_G_subcallosal'
 'ctx_rh_G_temp_sup-G_T_transv' 'ctx_rh_G_temp_sup-Lateral'
 'ctx_rh_G_temp_sup-Plan_polar' 'ctx_rh_G_temp_sup-Plan_tempo'
 'ctx_rh_G_temporal_inf' 'ctx_rh_G_temporal_middle'
 'ctx_rh_Lat_Fis-ant-Horizont' 'ctx_rh_Lat_Fis-ant-Vertical'
 'ctx_rh_Lat_Fis-post' 'ctx_rh_Pole_occipital' 'ctx_rh_Pole_temporal'
 'ctx_rh_S_calcarine' 'ctx_rh_S_central' 'ctx_rh_S_cingul-Marginalis'
 'ctx_rh_S_circular_insula_ant' 'ctx_rh_S_circular_insula_inf'
 'ctx_rh_S_circular_insula_sup' 'ctx_rh_S_collat_transv_ant'
 'ctx_rh_S_collat_transv_post' 'ctx_rh_S_front_inf'
 'ctx_rh_S_front_middle' 'ctx_rh_S_front_sup'
 'ctx_rh_S_interm_prim-Jensen' 'ctx_rh_S_intrapariet_and_P_trans'
 'ctx_rh_S_oc_middle_and_Lunatus' 'ctx_rh_S_oc_sup_and_transversal'
 'ctx_rh_S_occipital_ant' 'ctx_rh_S_oc-temp_lat'
 'ctx_rh_S_oc-temp_med_and_Lingual' 'ctx_rh_S_orbital_lateral'
 'ctx_rh_S_orbital_med-olfact' 'ctx_rh_S_orbital-H_Shaped'
 'ctx_rh_S_parieto_occipital' 'ctx_rh_S_pericallosal'
 'ctx_rh_S_postcentral' 'ctx_rh_S_precentral-inf-part'
 'ctx_rh_S_precentral-sup-part' 'ctx_rh_S_suborbital'
 'ctx_rh_S_subparietal' 'ctx_rh_S_temporal_inf' 'ctx_rh_S_temporal_sup'
 'ctx_rh_S_temporal_transverse' 'ctx_rh_Unknown' 'Left-Cerebellum-Cortex'
 'Left-Thalamus-Proper' 'Left-Caudate' 'Left-Putamen' 'Left-Pallidum'
 'Brain-Stem' 'Left-Hippocampus' 'Left-Amygdala' 'Left-Accumbens-area'
 'Right-Cerebellum-Cortex' 'Right-Thalamus-Proper' 'Right-Caudate'
 'Right-Putamen' 'Right-Pallidum' 'Right-Hippocampus' 'Right-Amygdala'
 'Right-Accumbens-area']
